<?xml version="1.0" encoding="UTF-8"?>
<testsuites name="TS_OM_ExistingBuildings" time="2703" tests="1" failures="0" errors="0">
   <testsuite name="TS_OM_ExistingBuildings" tests="1" failures="0" errors="0" time="2703" timestamp="2019-08-02 18:16:07" hostname="Promantus Inc - G10PROLT021" id="Test Suites/TS_OM_ExistingBuildings">
      <properties>
         <property name="deviceName" value=""/>
         <property name="devicePlatform" value=""/>
         <property name="logFolder" value="G:\\Sabareesh\\Personal\\USGBC_NewApproach1\\USGBC_LEED\\Reports\\TS_OM_ExistingBuildings\\20190802_181604"/>
         <property name="logFiles" value="G:\\Sabareesh\\Personal\\USGBC_NewApproach1\\USGBC_LEED\\Reports\\TS_OM_ExistingBuildings\\20190802_181604\\execution0.log"/>
         <property name="attachments" value=""/>
         <property name="hostName" value="Promantus Inc - G10PROLT021"/>
         <property name="os" value="Windows 10 64bit"/>
         <property name="katalonVersion" value="6.0.5.4"/>
         <property name="browser" value="Chrome 75.0.3770.100"/>
         <property name="hostAddress" value="192.168.0.107"/>
         <property name="sessionId" value="2ccbd9ffed26f4c6b905e12efaed4950"/>
         <property name="seleniumVersion" value="3.7.1"/>
         <property name="proxyInformation" value="ProxyInformation{proxyOption=NO_PROXY, proxyServerType=HTTP, password=, proxyServerAddress=, proxyServerPort=0}"/>
         <property name="platform" value="Windows 10"/>
      </properties>
      <testcase name="Test Cases/OM_ExistingBuildings/TC_GreenCleaning" classname="Test Cases/OM_ExistingBuildings/TC_GreenCleaning" status="PASSED">
         <system-out><![CDATA[2019-08-02 18:16:08 - [TEST_CASE][PASSED] - Test Cases/OM_ExistingBuildings/TC_GreenCleaning: Test Cases/OM_ExistingBuildings/TC_GreenCleaning

2019-08-02 18:16:08 - [TEST_STEP][PASSED] - runWithCucumberRunner(runner_OM_ExistingBuildings.GreenCleaningTestRunner): Run with 'runner_OM_ExistingBuildings.GreenCleaningTestRunner' was passed

2019-08-02 18:16:09 - [TEST_CASE][PASSED] - Test Cases/TC_Login: Test Cases/TC_Login

2019-08-02 18:16:10 - [TEST_STEP][PASSED] - runWithCucumberRunner(common.LoginRunner): Run with 'common.LoginRunner' was passed

2019-08-02 18:16:11 - [MESSAGE][INFO] - Starting 'Chrome (headless)' driver

2019-08-02 18:16:11 - [MESSAGE][INFO] - Action delay is set to 0 seconds

2019-08-02 18:16:14 - [MESSAGE][PASSED] - Browser is opened with url: ''

2019-08-02 18:16:15 - [MESSAGE][PASSED] - Current window maximized

2019-08-02 18:16:18 - [MESSAGE][PASSED] - Navigate to 'https://leedonline-stg.usgbc.org' successfully

2019-08-02 18:16:18 - [MESSAGE][PASSED] - Text 'automationbdd9@gmail.com' is set on object ''

2019-08-02 18:16:18 - [MESSAGE][PASSED] - Text 'initpass' is set on object ''

2019-08-02 18:16:21 - [MESSAGE][PASSED] - Delayed 3 second(s)

2019-08-02 18:16:21 - [MESSAGE][PASSED] - Scroll to object '' successfully

2019-08-02 18:16:22 - [MESSAGE][PASSED] - Object '' is checked

2019-08-02 18:16:26 - [MESSAGE][PASSED] - Delayed 4 second(s)

2019-08-02 18:16:26 - [MESSAGE][PASSED] - The form containing object: '' is submitted

2019-08-02 18:16:26 - [MESSAGE][PASSED] - Run with 'common.LoginRunner' was passed

2019-08-02 18:16:26 - [MESSAGE][PASSED] - Call Test Case 'Test Cases/TC_Login' successfully

2019-08-02 18:16:33 - [MESSAGE][PASSED] - Object: '' is clicked on

2019-08-02 18:16:35 - [MESSAGE][PASSED] - Object: '' is clicked on

2019-08-02 18:16:37 - [MESSAGE][PASSED] - Delayed 2 second(s)

2019-08-02 18:16:38 - [MESSAGE][PASSED] - Text of object '' is: 'ATTEMPTED'

2019-08-02 18:16:41 - [MESSAGE][PASSED] - Delayed 3 second(s)

2019-08-02 18:16:43 - [MESSAGE][PASSED] - Delayed 2 second(s)

2019-08-02 18:16:44 - [MESSAGE][PASSED] - Object: '' is clicked on

2019-08-02 18:16:44 - [MESSAGE][PASSED] - Text of object '' is: 'Green Cleaning'

2019-08-02 18:16:47 - [MESSAGE][PASSED] - Delayed 3 second(s)

2019-08-02 18:16:50 - [MESSAGE][PASSED] - Object: '' is clicked on

2019-08-02 18:16:55 - [MESSAGE][PASSED] - Delayed 5 second(s)

2019-08-02 18:16:55 - [MESSAGE][PASSED] - Text of object '' is: 'Green Cleaning'

2019-08-02 18:16:56 - [MESSAGE][PASSED] - Actual text 'Green Cleaning' and expected text 'Green Cleaning' are matched 

2019-08-02 18:16:56 - [MESSAGE][PASSED] - Text '(V01)' is present on page 

2019-08-02 18:16:56 - [MESSAGE][PASSED] - Object: '' is clicked on

2019-08-02 18:16:57 - [MESSAGE][PASSED] - Object '' has attribute 'class' with value 'tiny ui button'

2019-08-02 18:17:12 - [MESSAGE][PASSED] - Delayed 15 second(s)

2019-08-02 18:17:12 - [MESSAGE][PASSED] - File 'G:\Sabareesh\Personal\USGBC_NewApproach1\USGBC_LEED\Include\TestData\FilesToUpload\COO_1.pdf' sent to object: ''

2019-08-02 18:17:12 - [MESSAGE][PASSED] - Object '' has attribute 'class' with value 'tiny ui button'

2019-08-02 18:17:27 - [MESSAGE][PASSED] - Delayed 15 second(s)

2019-08-02 18:17:27 - [MESSAGE][PASSED] - File 'G:\Sabareesh\Personal\USGBC_NewApproach1\USGBC_LEED\Include\TestData\FilesToUpload\ZZ.pdf' sent to object: ''

2019-08-02 18:17:30 - [MESSAGE][PASSED] - Delayed 3 second(s)

2019-08-02 18:17:30 - [MESSAGE][PASSED] - Object '' has attribute 'class' with value 'tiny ui button'

2019-08-02 18:17:45 - [MESSAGE][PASSED] - Delayed 15 second(s)

2019-08-02 18:17:45 - [MESSAGE][PASSED] - File 'G:\Sabareesh\Personal\USGBC_NewApproach1\USGBC_LEED\Include\TestData\FilesToUpload\COO_1.pdf' sent to object: ''

2019-08-02 18:17:45 - [MESSAGE][PASSED] - Object '' has attribute 'class' with value 'tiny ui button'

2019-08-02 18:18:00 - [MESSAGE][PASSED] - Delayed 15 second(s)

2019-08-02 18:18:00 - [MESSAGE][PASSED] - File 'G:\Sabareesh\Personal\USGBC_NewApproach1\USGBC_LEED\Include\TestData\FilesToUpload\ZZ.pdf' sent to object: ''

2019-08-02 18:18:03 - [MESSAGE][PASSED] - Delayed 3 second(s)

2019-08-02 18:18:03 - [MESSAGE][PASSED] - Text of object '' is: 'COO_1.pdf'

2019-08-02 18:18:05 - [MESSAGE][PASSED] - Delayed 2 second(s)

2019-08-02 18:18:05 - [MESSAGE][PASSED] - COO_1.pdf is equal to COO_1.pdf

2019-08-02 18:18:05 - [MESSAGE][PASSED] - Actual text 'COO_1.pdf' and expected text 'COO_1.pdf' are matched 

2019-08-02 18:18:05 - [MESSAGE][PASSED] - Text of object '' is: 'ZZ.pdf'

2019-08-02 18:18:07 - [MESSAGE][PASSED] - Delayed 2 second(s)

2019-08-02 18:18:09 - [MESSAGE][PASSED] - Delayed 2 second(s)

2019-08-02 18:18:09 - [MESSAGE][PASSED] - ZZ.pdf is equal to ZZ.pdf

2019-08-02 18:18:09 - [MESSAGE][PASSED] - Actual text 'ZZ.pdf' and expected text 'ZZ.pdf' are matched 

2019-08-02 18:18:10 - [MESSAGE][PASSED] - Text of object '' is: 'COO_1.pdf'

2019-08-02 18:18:12 - [MESSAGE][PASSED] - Delayed 2 second(s)

2019-08-02 18:18:12 - [MESSAGE][PASSED] - COO_1.pdf is equal to COO_1.pdf

2019-08-02 18:18:12 - [MESSAGE][PASSED] - Actual text 'COO_1.pdf' and expected text 'COO_1.pdf' are matched 

2019-08-02 18:18:12 - [MESSAGE][PASSED] - Text of object '' is: 'ZZ.pdf'

2019-08-02 18:18:14 - [MESSAGE][PASSED] - Delayed 2 second(s)

2019-08-02 18:18:16 - [MESSAGE][PASSED] - Delayed 2 second(s)

2019-08-02 18:18:16 - [MESSAGE][PASSED] - ZZ.pdf is equal to ZZ.pdf

2019-08-02 18:18:16 - [MESSAGE][PASSED] - Actual text 'ZZ.pdf' and expected text 'ZZ.pdf' are matched 

2019-08-02 18:18:18 - [MESSAGE][PASSED] - Text 'Known that everybody have the personal aim. It is defferent . For example, there are some people think that the most important thing in them life is career. While there are other people think that is family. me too. The most important thing with my life is my small and big family.MU2ZQ' is set on object ''

2019-08-02 18:18:20 - [MESSAGE][PASSED] - Delayed 2 second(s)

2019-08-02 18:18:20 - [MESSAGE][PASSED] - Text of object '' is: 'Known that everybody have the personal aim. It is defferent . For example, there are some people think that the most important thing in them life is career. While there are other people think that is family. me too. The most important thing with my life is my small and big family.MU2ZQ'

2019-08-02 18:18:20 - [MESSAGE][PASSED] - Actual text 'Known that everybody have the personal aim. It is defferent . For example, there are some people think that the most important thing in them life is career. While there are other people think that is family. me too. The most important thing with my life is my small and big family.MU2ZQ' and expected text 'Known that everybody have the personal aim. It is defferent . For example, there are some people think that the most important thing in them life is career. While there are other people think that is family. me too. The most important thing with my life is my small and big family.MU2ZQ' are matched 

2019-08-02 18:18:22 - [MESSAGE][PASSED] - Text 'Known that everybody have the personal aim. It is defferent . For example, there are some people think that the most important thing in them life is career. While there are other people think that is family. me too. The most important thing with my life is my small and big family.MU2ZQ' is set on object ''

2019-08-02 18:18:24 - [MESSAGE][PASSED] - Delayed 2 second(s)

2019-08-02 18:18:24 - [MESSAGE][PASSED] - Text of object '' is: 'Known that everybody have the personal aim. It is defferent . For example, there are some people think that the most important thing in them life is career. While there are other people think that is family. me too. The most important thing with my life is my small and big family.MU2ZQ'

2019-08-02 18:18:24 - [MESSAGE][PASSED] - Actual text 'Known that everybody have the personal aim. It is defferent . For example, there are some people think that the most important thing in them life is career. While there are other people think that is family. me too. The most important thing with my life is my small and big family.MU2ZQ' and expected text 'Known that everybody have the personal aim. It is defferent . For example, there are some people think that the most important thing in them life is career. While there are other people think that is family. me too. The most important thing with my life is my small and big family.MU2ZQ' are matched 

2019-08-02 18:18:26 - [MESSAGE][PASSED] - Text 'Known that everybody have the personal aim. It is defferent . For example, there are some people think that the most important thing in them life is career. While there are other people think that is family. me too. The most important thing with my life is my small and big family.MU2ZQ' is set on object ''

2019-08-02 18:18:28 - [MESSAGE][PASSED] - Delayed 2 second(s)

2019-08-02 18:18:28 - [MESSAGE][PASSED] - Text of object '' is: 'Known that everybody have the personal aim. It is defferent . For example, there are some people think that the most important thing in them life is career. While there are other people think that is family. me too. The most important thing with my life is my small and big family.MU2ZQ'

2019-08-02 18:18:28 - [MESSAGE][PASSED] - Actual text 'Known that everybody have the personal aim. It is defferent . For example, there are some people think that the most important thing in them life is career. While there are other people think that is family. me too. The most important thing with my life is my small and big family.MU2ZQ' and expected text 'Known that everybody have the personal aim. It is defferent . For example, there are some people think that the most important thing in them life is career. While there are other people think that is family. me too. The most important thing with my life is my small and big family.MU2ZQ' are matched 

2019-08-02 18:18:28 - [MESSAGE][PASSED] - Text '905' is set on object ''

2019-08-02 18:18:30 - [MESSAGE][PASSED] - Delayed 2 second(s)

2019-08-02 18:18:30 - [MESSAGE][PASSED] - Attribute 'value' of object '' is: '905'

2019-08-02 18:18:30 - [MESSAGE][PASSED] - Actual text '905' and expected text '905' are matched 

2019-08-02 18:18:30 - [MESSAGE][PASSED] - Object: '' is clicked on

2019-08-02 18:18:30 - [MESSAGE][PASSED] - Object: '' is clicked on

2019-08-02 18:18:32 - [MESSAGE][PASSED] - Delayed 2 second(s)

2019-08-02 18:18:32 - [MESSAGE][PASSED] - Attribute 'value' of object '' is: '05 Aug 2019'

2019-08-02 18:18:32 - [MESSAGE][PASSED] - Actual text '05 Aug 2019' and expected text '' are not matched 

2019-08-02 18:18:33 - [MESSAGE][PASSED] - Object: '' is clicked on

2019-08-02 18:18:37 - [MESSAGE][PASSED] - Delayed 4 second(s)

2019-08-02 18:18:37 - [MESSAGE][PASSED] - Text 'Form data saved successfully.' is present on page 

2019-08-02 18:18:43 - [MESSAGE][PASSED] - Delayed 6 second(s)

2019-08-02 18:18:45 - [MESSAGE][PASSED] - Delayed 2 second(s)

2019-08-02 18:18:45 - [MESSAGE][PASSED] - Object '' is present

2019-08-02 18:18:45 - [MESSAGE][PASSED] - Object: '' is clicked on

2019-08-02 18:18:55 - [MESSAGE][PASSED] - Delayed 10 second(s)

2019-08-02 18:19:01 - [MESSAGE][PASSED] - Delayed 6 second(s)

2019-08-02 18:19:02 - [MESSAGE][PASSED] - Actual text 'Found' and expected text 'Found' are matched 

2019-08-02 18:19:02 - [MESSAGE][PASSED] - Actual text 'Found' and expected text 'Found' are matched 

2019-08-02 18:19:02 - [MESSAGE][PASSED] - Text of object '' is: 'Known that everybody have the personal aim. It is defferent . For example, there are some people think that the most important thing in them life is career. While there are other people think that is family. me too. The most important thing with my life is my small and big family.MU2ZQ'

2019-08-02 18:19:02 - [MESSAGE][PASSED] - Actual text 'Found' and expected text 'Found' are matched 

2019-08-02 18:19:03 - [MESSAGE][PASSED] - Text of object '' is: 'Known that everybody have the personal aim. It is defferent . For example, there are some people think that the most important thing in them life is career. While there are other people think that is family. me too. The most important thing with my life is my small and big family.MU2ZQ'

2019-08-02 18:19:03 - [MESSAGE][PASSED] - Text of object '' is: 'Known that everybody have the personal aim. It is defferent . For example, there are some people think that the most important thing in them life is career. While there are other people think that is family. me too. The most important thing with my life is my small and big family.MU2ZQ'

2019-08-02 18:19:03 - [MESSAGE][PASSED] - Actual text 'Found' and expected text 'Found' are matched 

2019-08-02 18:19:03 - [MESSAGE][PASSED] - Text of object '' is: 'Known that everybody have the personal aim. It is defferent . For example, there are some people think that the most important thing in them life is career. While there are other people think that is family. me too. The most important thing with my life is my small and big family.MU2ZQ'

2019-08-02 18:19:03 - [MESSAGE][PASSED] - Text of object '' is: 'Known that everybody have the personal aim. It is defferent . For example, there are some people think that the most important thing in them life is career. While there are other people think that is family. me too. The most important thing with my life is my small and big family.MU2ZQ'

2019-08-02 18:19:03 - [MESSAGE][PASSED] - Text of object '' is: 'Known that everybody have the personal aim. It is defferent . For example, there are some people think that the most important thing in them life is career. While there are other people think that is family. me too. The most important thing with my life is my small and big family.MU2ZQ'

2019-08-02 18:19:03 - [MESSAGE][PASSED] - Actual text 'Found' and expected text 'Found' are matched 

2019-08-02 18:19:03 - [MESSAGE][PASSED] - Text of object '' is: ''

2019-08-02 18:19:03 - [MESSAGE][PASSED] - Actual text 'Found' and expected text 'Found' are matched 

2019-08-02 18:19:05 - [MESSAGE][PASSED] - Navigate back successfully

2019-08-02 18:19:07 - [MESSAGE][PASSED] - Delayed 2 second(s)

2019-08-02 18:19:07 - [MESSAGE][PASSED] - Object: '' is clicked on

2019-08-02 18:19:12 - [MESSAGE][PASSED] - Delayed 5 second(s)

2019-08-02 18:19:14 - [MESSAGE][PASSED] - Delayed 2 second(s)

2019-08-02 18:19:16 - [MESSAGE][PASSED] - Navigate forward successfully

2019-08-02 18:19:18 - [MESSAGE][PASSED] - Delayed 2 second(s)

2019-08-02 18:19:23 - [MESSAGE][PASSED] - Delayed 5 second(s)

2019-08-02 18:19:23 - [MESSAGE][PASSED] - Object: '' is clicked on

2019-08-02 18:19:23 - [MESSAGE][PASSED] - Text of object '' is: 'ZZ.pdf'

2019-08-02 18:19:28 - [MESSAGE][PASSED] - Delayed 5 second(s)

2019-08-02 18:19:28 - [MESSAGE][PASSED] - Object: '' is hovered

2019-08-02 18:19:30 - [MESSAGE][PASSED] - Delayed 2 second(s)

2019-08-02 18:19:32 - [MESSAGE][PASSED] - Delayed 2 second(s)

2019-08-02 18:19:37 - [MESSAGE][PASSED] - Delayed 5 second(s)

2019-08-02 18:19:38 - [MESSAGE][PASSED] - Object: '' is clicked on

2019-08-02 18:19:38 - [MESSAGE][PASSED] - Text of object '' is: 'COO_1.pdf'

2019-08-02 18:19:43 - [MESSAGE][PASSED] - Delayed 5 second(s)

2019-08-02 18:19:43 - [MESSAGE][PASSED] - Object: '' is hovered

2019-08-02 18:19:45 - [MESSAGE][PASSED] - Delayed 2 second(s)

2019-08-02 18:19:50 - [MESSAGE][PASSED] - Delayed 5 second(s)

2019-08-02 18:19:52 - [MESSAGE][PASSED] - Delayed 2 second(s)

2019-08-02 18:19:53 - [MESSAGE][PASSED] - Delayed 1 second(s)

2019-08-02 18:19:53 - [MESSAGE][PASSED] - COO_1.pdf exist in G:/Sabareesh/Personal/USGBC_NewApproach1/USGBC_LEED/Include/TestData/DownloadedFiles and was deleted

2019-08-02 18:19:53 - [MESSAGE][PASSED] - 

2019-08-02 18:19:53 - [MESSAGE][PASSED] - Actual text 'COO_1.pdf' and expected text 'COO_1.pdf' are matched 

2019-08-02 18:19:55 - [MESSAGE][PASSED] - Delayed 2 second(s)

2019-08-02 18:19:57 - [MESSAGE][PASSED] - Delayed 2 second(s)

2019-08-02 18:19:58 - [MESSAGE][PASSED] - Delayed 1 second(s)

2019-08-02 18:19:58 - [MESSAGE][PASSED] - ZZ.pdf exist in G:/Sabareesh/Personal/USGBC_NewApproach1/USGBC_LEED/Include/TestData/DownloadedFiles and was deleted

2019-08-02 18:19:58 - [MESSAGE][PASSED] - 

2019-08-02 18:19:58 - [MESSAGE][PASSED] - Actual text 'ZZ.pdf' and expected text 'ZZ.pdf' are matched 

2019-08-02 18:20:00 - [MESSAGE][PASSED] - Delayed 2 second(s)

2019-08-02 18:20:02 - [MESSAGE][PASSED] - Delayed 2 second(s)

2019-08-02 18:20:07 - [MESSAGE][PASSED] - Delayed 5 second(s)

2019-08-02 18:20:07 - [MESSAGE][PASSED] - Object: '' is clicked on

2019-08-02 18:20:07 - [MESSAGE][PASSED] - Text of object '' is: 'ZZ.pdf'

2019-08-02 18:20:12 - [MESSAGE][PASSED] - Delayed 5 second(s)

2019-08-02 18:20:12 - [MESSAGE][PASSED] - Object: '' is hovered

2019-08-02 18:20:14 - [MESSAGE][PASSED] - Delayed 2 second(s)

2019-08-02 18:20:16 - [MESSAGE][PASSED] - Delayed 2 second(s)

2019-08-02 18:20:21 - [MESSAGE][PASSED] - Delayed 5 second(s)

2019-08-02 18:20:21 - [MESSAGE][PASSED] - Object: '' is clicked on

2019-08-02 18:20:21 - [MESSAGE][PASSED] - Text of object '' is: 'COO_1.pdf'

2019-08-02 18:20:26 - [MESSAGE][PASSED] - Delayed 5 second(s)

2019-08-02 18:20:26 - [MESSAGE][PASSED] - Object: '' is hovered

2019-08-02 18:20:29 - [MESSAGE][PASSED] - Delayed 2 second(s)

2019-08-02 18:20:34 - [MESSAGE][PASSED] - Delayed 5 second(s)

2019-08-02 18:20:36 - [MESSAGE][PASSED] - Delayed 2 second(s)

2019-08-02 18:20:37 - [MESSAGE][PASSED] - Delayed 1 second(s)

2019-08-02 18:20:37 - [MESSAGE][PASSED] - COO_1.pdf exist in G:/Sabareesh/Personal/USGBC_NewApproach1/USGBC_LEED/Include/TestData/DownloadedFiles and was deleted

2019-08-02 18:20:37 - [MESSAGE][PASSED] - 

2019-08-02 18:20:37 - [MESSAGE][PASSED] - Actual text 'COO_1.pdf' and expected text 'COO_1.pdf' are matched 

2019-08-02 18:20:39 - [MESSAGE][PASSED] - Delayed 2 second(s)

2019-08-02 18:20:41 - [MESSAGE][PASSED] - Delayed 2 second(s)

2019-08-02 18:20:42 - [MESSAGE][PASSED] - Delayed 1 second(s)

2019-08-02 18:20:42 - [MESSAGE][PASSED] - ZZ.pdf exist in G:/Sabareesh/Personal/USGBC_NewApproach1/USGBC_LEED/Include/TestData/DownloadedFiles and was deleted

2019-08-02 18:20:42 - [MESSAGE][PASSED] - 

2019-08-02 18:20:42 - [MESSAGE][PASSED] - Actual text 'ZZ.pdf' and expected text 'ZZ.pdf' are matched 

2019-08-02 18:20:44 - [MESSAGE][PASSED] - Delayed 2 second(s)

2019-08-02 18:20:44 - [MESSAGE][PASSED] - Object: '' is clicked on

2019-08-02 18:20:46 - [MESSAGE][PASSED] - Delayed 2 second(s)

2019-08-02 18:20:46 - [MESSAGE][PASSED] - Object: '' is clicked on

2019-08-02 18:20:49 - [MESSAGE][PASSED] - Delayed 3 second(s)

2019-08-02 18:20:49 - [MESSAGE][PASSED] - Object '' is present

2019-08-02 18:20:51 - [MESSAGE][PASSED] - Delayed 2 second(s)

2019-08-02 18:20:56 - [MESSAGE][PASSED] - Delayed 5 second(s)

2019-08-02 18:20:56 - [MESSAGE][PASSED] - Object: '' is clicked on

2019-08-02 18:20:58 - [MESSAGE][PASSED] - Delayed 2 second(s)

2019-08-02 18:20:59 - [MESSAGE][PASSED] - Object: '' is clicked on

2019-08-02 18:21:01 - [MESSAGE][PASSED] - Delayed 2 second(s)

2019-08-02 18:21:03 - [MESSAGE][PASSED] - Delayed 2 second(s)

2019-08-02 18:21:08 - [MESSAGE][PASSED] - Delayed 5 second(s)

2019-08-02 18:21:08 - [MESSAGE][PASSED] - Object: '' is clicked on

2019-08-02 18:21:10 - [MESSAGE][PASSED] - Delayed 2 second(s)

2019-08-02 18:21:10 - [MESSAGE][PASSED] - Object: '' is clicked on

2019-08-02 18:21:12 - [MESSAGE][PASSED] - Delayed 2 second(s)

2019-08-02 18:21:17 - [MESSAGE][PASSED] - Delayed 5 second(s)

2019-08-02 18:21:17 - [MESSAGE][PASSED] - Web element with id: '' located by 'By.xpath: (//table[@class='ui collapsing celled table unstackable'])[2]' is not present after '2' second(s)

2019-08-02 18:21:19 - [MESSAGE][PASSED] - Delayed 2 second(s)

2019-08-02 18:21:24 - [MESSAGE][PASSED] - Delayed 5 second(s)

2019-08-02 18:21:24 - [MESSAGE][PASSED] - Object: '' is clicked on

2019-08-02 18:21:26 - [MESSAGE][PASSED] - Delayed 2 second(s)

2019-08-02 18:21:26 - [MESSAGE][PASSED] - Object: '' is clicked on

2019-08-02 18:21:28 - [MESSAGE][PASSED] - Delayed 2 second(s)

2019-08-02 18:21:30 - [MESSAGE][PASSED] - Delayed 2 second(s)

2019-08-02 18:21:36 - [MESSAGE][PASSED] - Delayed 5 second(s)

2019-08-02 18:21:36 - [MESSAGE][PASSED] - Object: '' is clicked on

2019-08-02 18:21:38 - [MESSAGE][PASSED] - Delayed 2 second(s)

2019-08-02 18:21:38 - [MESSAGE][PASSED] - Object: '' is clicked on

2019-08-02 18:21:40 - [MESSAGE][PASSED] - Delayed 2 second(s)

2019-08-02 18:21:45 - [MESSAGE][PASSED] - Delayed 5 second(s)

2019-08-02 18:21:45 - [MESSAGE][PASSED] - Web element with id: '' located by 'By.xpath: (//table[@class='ui collapsing celled table unstackable'])[1]' is not present after '2' second(s)

2019-08-02 18:21:45 - [TEST_CASE][PASSED] - Test Cases/TC_Login: Test Cases/TC_Login

2019-08-02 18:21:45 - [TEST_STEP][PASSED] - runWithCucumberRunner(common.LoginRunner): Run with 'common.LoginRunner' was passed

2019-08-02 18:21:45 - [MESSAGE][WARNING] - A browser is already opened. Closing browser and opening a new one

2019-08-02 18:21:46 - [MESSAGE][INFO] - Starting 'Chrome (headless)' driver

2019-08-02 18:21:48 - [MESSAGE][PASSED] - Browser is opened with url: ''

2019-08-02 18:21:49 - [MESSAGE][PASSED] - Current window maximized

2019-08-02 18:21:51 - [MESSAGE][PASSED] - Navigate to 'https://leedonline-stg.usgbc.org' successfully

2019-08-02 18:21:51 - [MESSAGE][PASSED] - Text 'automationbdd9@gmail.com' is set on object ''

2019-08-02 18:21:52 - [MESSAGE][PASSED] - Text 'initpass' is set on object ''

2019-08-02 18:21:55 - [MESSAGE][PASSED] - Delayed 3 second(s)

2019-08-02 18:21:55 - [MESSAGE][PASSED] - Scroll to object '' successfully

2019-08-02 18:21:55 - [MESSAGE][PASSED] - Object '' is checked

2019-08-02 18:21:59 - [MESSAGE][PASSED] - Delayed 4 second(s)

2019-08-02 18:21:59 - [MESSAGE][PASSED] - The form containing object: '' is submitted

2019-08-02 18:21:59 - [MESSAGE][PASSED] - Run with 'common.LoginRunner' was passed

2019-08-02 18:21:59 - [MESSAGE][PASSED] - Call Test Case 'Test Cases/TC_Login' successfully

2019-08-02 18:22:07 - [MESSAGE][PASSED] - Object: '' is clicked on

2019-08-02 18:22:08 - [MESSAGE][PASSED] - Object: '' is clicked on

2019-08-02 18:22:10 - [MESSAGE][PASSED] - Delayed 2 second(s)

2019-08-02 18:22:10 - [MESSAGE][PASSED] - Text of object '' is: 'READY FOR REVIEW'

2019-08-02 18:22:10 - [MESSAGE][PASSED] - Object: '' is clicked on

2019-08-02 18:22:15 - [MESSAGE][PASSED] - Delayed 5 second(s)

2019-08-02 18:22:18 - [MESSAGE][PASSED] - Delayed 3 second(s)

2019-08-02 18:22:20 - [MESSAGE][PASSED] - Delayed 2 second(s)

2019-08-02 18:22:20 - [MESSAGE][PASSED] - Object: '' is clicked on

2019-08-02 18:22:21 - [MESSAGE][PASSED] - Text of object '' is: 'Green Cleaning'

2019-08-02 18:22:24 - [MESSAGE][PASSED] - Delayed 3 second(s)

2019-08-02 18:22:27 - [MESSAGE][PASSED] - Object: '' is clicked on

2019-08-02 18:22:32 - [MESSAGE][PASSED] - Delayed 5 second(s)

2019-08-02 18:22:32 - [MESSAGE][PASSED] - Text of object '' is: 'Green Cleaning'

2019-08-02 18:22:32 - [MESSAGE][PASSED] - Actual text 'Green Cleaning' and expected text 'Green Cleaning' are matched 

2019-08-02 18:22:32 - [MESSAGE][PASSED] - Text '(V01)' is present on page 

2019-08-02 18:22:33 - [MESSAGE][PASSED] - Object: '' is clicked on

2019-08-02 18:22:33 - [MESSAGE][PASSED] - Object '' has attribute 'class' with value 'tiny ui button'

2019-08-02 18:22:48 - [MESSAGE][PASSED] - Delayed 15 second(s)

2019-08-02 18:22:48 - [MESSAGE][PASSED] - File 'G:\Sabareesh\Personal\USGBC_NewApproach1\USGBC_LEED\Include\TestData\FilesToUpload\COO_1.pdf' sent to object: ''

2019-08-02 18:22:48 - [MESSAGE][PASSED] - Object '' has attribute 'class' with value 'tiny ui button'

2019-08-02 18:23:03 - [MESSAGE][PASSED] - Delayed 15 second(s)

2019-08-02 18:23:03 - [MESSAGE][PASSED] - File 'G:\Sabareesh\Personal\USGBC_NewApproach1\USGBC_LEED\Include\TestData\FilesToUpload\ZZ.pdf' sent to object: ''

2019-08-02 18:23:06 - [MESSAGE][PASSED] - Delayed 3 second(s)

2019-08-02 18:23:06 - [MESSAGE][PASSED] - Object '' has attribute 'class' with value 'tiny ui button'

2019-08-02 18:23:21 - [MESSAGE][PASSED] - Delayed 15 second(s)

2019-08-02 18:23:21 - [MESSAGE][PASSED] - File 'G:\Sabareesh\Personal\USGBC_NewApproach1\USGBC_LEED\Include\TestData\FilesToUpload\COO_1.pdf' sent to object: ''

2019-08-02 18:23:21 - [MESSAGE][PASSED] - Object '' has attribute 'class' with value 'tiny ui button'

2019-08-02 18:23:36 - [MESSAGE][PASSED] - Delayed 15 second(s)

2019-08-02 18:23:36 - [MESSAGE][PASSED] - File 'G:\Sabareesh\Personal\USGBC_NewApproach1\USGBC_LEED\Include\TestData\FilesToUpload\ZZ.pdf' sent to object: ''

2019-08-02 18:23:39 - [MESSAGE][PASSED] - Delayed 3 second(s)

2019-08-02 18:23:39 - [MESSAGE][PASSED] - Text of object '' is: 'COO_1.pdf'

2019-08-02 18:23:41 - [MESSAGE][PASSED] - Delayed 2 second(s)

2019-08-02 18:23:41 - [MESSAGE][PASSED] - COO_1.pdf is equal to COO_1.pdf

2019-08-02 18:23:41 - [MESSAGE][PASSED] - Actual text 'COO_1.pdf' and expected text 'COO_1.pdf' are matched 

2019-08-02 18:23:41 - [MESSAGE][PASSED] - Text of object '' is: 'ZZ.pdf'

2019-08-02 18:23:43 - [MESSAGE][PASSED] - Delayed 2 second(s)

2019-08-02 18:23:46 - [MESSAGE][PASSED] - Delayed 2 second(s)

2019-08-02 18:23:46 - [MESSAGE][PASSED] - ZZ.pdf is equal to ZZ.pdf

2019-08-02 18:23:46 - [MESSAGE][PASSED] - Actual text 'ZZ.pdf' and expected text 'ZZ.pdf' are matched 

2019-08-02 18:23:46 - [MESSAGE][PASSED] - Text of object '' is: 'COO_1.pdf'

2019-08-02 18:23:48 - [MESSAGE][PASSED] - Delayed 2 second(s)

2019-08-02 18:23:48 - [MESSAGE][PASSED] - COO_1.pdf is equal to COO_1.pdf

2019-08-02 18:23:48 - [MESSAGE][PASSED] - Actual text 'COO_1.pdf' and expected text 'COO_1.pdf' are matched 

2019-08-02 18:23:48 - [MESSAGE][PASSED] - Text of object '' is: 'ZZ.pdf'

2019-08-02 18:23:50 - [MESSAGE][PASSED] - Delayed 2 second(s)

2019-08-02 18:23:52 - [MESSAGE][PASSED] - Delayed 2 second(s)

2019-08-02 18:23:52 - [MESSAGE][PASSED] - ZZ.pdf is equal to ZZ.pdf

2019-08-02 18:23:52 - [MESSAGE][PASSED] - Actual text 'ZZ.pdf' and expected text 'ZZ.pdf' are matched 

2019-08-02 18:23:54 - [MESSAGE][PASSED] - Text 'Known that everybody have the personal aim. It is defferent . For example, there are some people think that the most important thing in them life is career. While there are other people think that is family. me too. The most important thing with my life is my small and big family.9DXJA' is set on object ''

2019-08-02 18:23:56 - [MESSAGE][PASSED] - Delayed 2 second(s)

2019-08-02 18:23:56 - [MESSAGE][PASSED] - Text of object '' is: 'Known that everybody have the personal aim. It is defferent . For example, there are some people think that the most important thing in them life is career. While there are other people think that is family. me too. The most important thing with my life is my small and big family.9DXJA'

2019-08-02 18:23:56 - [MESSAGE][PASSED] - Actual text 'Known that everybody have the personal aim. It is defferent . For example, there are some people think that the most important thing in them life is career. While there are other people think that is family. me too. The most important thing with my life is my small and big family.9DXJA' and expected text 'Known that everybody have the personal aim. It is defferent . For example, there are some people think that the most important thing in them life is career. While there are other people think that is family. me too. The most important thing with my life is my small and big family.9DXJA' are matched 

2019-08-02 18:23:58 - [MESSAGE][PASSED] - Text 'Known that everybody have the personal aim. It is defferent . For example, there are some people think that the most important thing in them life is career. While there are other people think that is family. me too. The most important thing with my life is my small and big family.9DXJA' is set on object ''

2019-08-02 18:24:00 - [MESSAGE][PASSED] - Delayed 2 second(s)

2019-08-02 18:24:00 - [MESSAGE][PASSED] - Text of object '' is: 'Known that everybody have the personal aim. It is defferent . For example, there are some people think that the most important thing in them life is career. While there are other people think that is family. me too. The most important thing with my life is my small and big family.9DXJA'

2019-08-02 18:24:00 - [MESSAGE][PASSED] - Actual text 'Known that everybody have the personal aim. It is defferent . For example, there are some people think that the most important thing in them life is career. While there are other people think that is family. me too. The most important thing with my life is my small and big family.9DXJA' and expected text 'Known that everybody have the personal aim. It is defferent . For example, there are some people think that the most important thing in them life is career. While there are other people think that is family. me too. The most important thing with my life is my small and big family.9DXJA' are matched 

2019-08-02 18:24:00 - [MESSAGE][PASSED] - Object: '' is clicked on

2019-08-02 18:24:04 - [MESSAGE][PASSED] - Delayed 4 second(s)

2019-08-02 18:24:04 - [MESSAGE][PASSED] - Text 'Form data saved successfully.' is present on page 

2019-08-02 18:24:10 - [MESSAGE][PASSED] - Delayed 6 second(s)

2019-08-02 18:24:12 - [MESSAGE][PASSED] - Delayed 2 second(s)

2019-08-02 18:24:12 - [MESSAGE][PASSED] - Object '' is present

2019-08-02 18:24:13 - [MESSAGE][PASSED] - Object: '' is clicked on

2019-08-02 18:24:23 - [MESSAGE][PASSED] - Delayed 10 second(s)

2019-08-02 18:24:29 - [MESSAGE][PASSED] - Delayed 6 second(s)

2019-08-02 18:24:29 - [MESSAGE][PASSED] - Actual text 'Found' and expected text 'Found' are matched 

2019-08-02 18:24:29 - [MESSAGE][PASSED] - Actual text 'Found' and expected text 'Found' are matched 

2019-08-02 18:24:29 - [MESSAGE][PASSED] - Text of object '' is: 'Known that everybody have the personal aim. It is defferent . For example, there are some people think that the most important thing in them life is career. While there are other people think that is family. me too. The most important thing with my life is my small and big family.9DXJA'

2019-08-02 18:24:29 - [MESSAGE][PASSED] - Actual text 'Found' and expected text 'Found' are matched 

2019-08-02 18:24:30 - [MESSAGE][PASSED] - Text of object '' is: 'Known that everybody have the personal aim. It is defferent . For example, there are some people think that the most important thing in them life is career. While there are other people think that is family. me too. The most important thing with my life is my small and big family.9DXJA'

2019-08-02 18:24:30 - [MESSAGE][PASSED] - Text of object '' is: 'Known that everybody have the personal aim. It is defferent . For example, there are some people think that the most important thing in them life is career. While there are other people think that is family. me too. The most important thing with my life is my small and big family.9DXJA'

2019-08-02 18:24:30 - [MESSAGE][PASSED] - Actual text 'Found' and expected text 'Found' are matched 

2019-08-02 18:24:32 - [MESSAGE][PASSED] - Navigate back successfully

2019-08-02 18:24:34 - [MESSAGE][PASSED] - Delayed 2 second(s)

2019-08-02 18:24:34 - [MESSAGE][PASSED] - Object: '' is clicked on

2019-08-02 18:24:39 - [MESSAGE][PASSED] - Delayed 5 second(s)

2019-08-02 18:24:41 - [MESSAGE][PASSED] - Delayed 2 second(s)

2019-08-02 18:24:42 - [MESSAGE][PASSED] - Navigate forward successfully

2019-08-02 18:24:44 - [MESSAGE][PASSED] - Delayed 2 second(s)

2019-08-02 18:24:49 - [MESSAGE][PASSED] - Delayed 5 second(s)

2019-08-02 18:24:49 - [MESSAGE][PASSED] - Object: '' is clicked on

2019-08-02 18:24:50 - [MESSAGE][PASSED] - Text of object '' is: 'ZZ.pdf'

2019-08-02 18:24:55 - [MESSAGE][PASSED] - Delayed 5 second(s)

2019-08-02 18:24:55 - [MESSAGE][PASSED] - Object: '' is hovered

2019-08-02 18:24:57 - [MESSAGE][PASSED] - Delayed 2 second(s)

2019-08-02 18:24:59 - [MESSAGE][PASSED] - Delayed 2 second(s)

2019-08-02 18:25:04 - [MESSAGE][PASSED] - Delayed 5 second(s)

2019-08-02 18:25:04 - [MESSAGE][PASSED] - Object: '' is clicked on

2019-08-02 18:25:04 - [MESSAGE][PASSED] - Text of object '' is: 'COO_1.pdf'

2019-08-02 18:25:09 - [MESSAGE][PASSED] - Delayed 5 second(s)

2019-08-02 18:25:09 - [MESSAGE][PASSED] - Object: '' is hovered

2019-08-02 18:25:11 - [MESSAGE][PASSED] - Delayed 2 second(s)

2019-08-02 18:25:16 - [MESSAGE][PASSED] - Delayed 5 second(s)

2019-08-02 18:25:18 - [MESSAGE][PASSED] - Delayed 2 second(s)

2019-08-02 18:25:19 - [MESSAGE][PASSED] - Delayed 1 second(s)

2019-08-02 18:25:19 - [MESSAGE][PASSED] - COO_1.pdf exist in G:/Sabareesh/Personal/USGBC_NewApproach1/USGBC_LEED/Include/TestData/DownloadedFiles and was deleted

2019-08-02 18:25:19 - [MESSAGE][PASSED] - 

2019-08-02 18:25:19 - [MESSAGE][PASSED] - Actual text 'COO_1.pdf' and expected text 'COO_1.pdf' are matched 

2019-08-02 18:25:21 - [MESSAGE][PASSED] - Delayed 2 second(s)

2019-08-02 18:25:23 - [MESSAGE][PASSED] - Delayed 2 second(s)

2019-08-02 18:25:24 - [MESSAGE][PASSED] - Delayed 1 second(s)

2019-08-02 18:25:24 - [MESSAGE][PASSED] - ZZ.pdf exist in G:/Sabareesh/Personal/USGBC_NewApproach1/USGBC_LEED/Include/TestData/DownloadedFiles and was deleted

2019-08-02 18:25:24 - [MESSAGE][PASSED] - 

2019-08-02 18:25:24 - [MESSAGE][PASSED] - Actual text 'ZZ.pdf' and expected text 'ZZ.pdf' are matched 

2019-08-02 18:25:26 - [MESSAGE][PASSED] - Delayed 2 second(s)

2019-08-02 18:25:28 - [MESSAGE][PASSED] - Delayed 2 second(s)

2019-08-02 18:25:33 - [MESSAGE][PASSED] - Delayed 5 second(s)

2019-08-02 18:25:33 - [MESSAGE][PASSED] - Object: '' is clicked on

2019-08-02 18:25:33 - [MESSAGE][PASSED] - Text of object '' is: 'ZZ.pdf'

2019-08-02 18:25:38 - [MESSAGE][PASSED] - Delayed 5 second(s)

2019-08-02 18:25:38 - [MESSAGE][PASSED] - Object: '' is hovered

2019-08-02 18:25:40 - [MESSAGE][PASSED] - Delayed 2 second(s)

2019-08-02 18:25:42 - [MESSAGE][PASSED] - Delayed 2 second(s)

2019-08-02 18:25:47 - [MESSAGE][PASSED] - Delayed 5 second(s)

2019-08-02 18:25:47 - [MESSAGE][PASSED] - Object: '' is clicked on

2019-08-02 18:25:48 - [MESSAGE][PASSED] - Text of object '' is: 'COO_1.pdf'

2019-08-02 18:25:53 - [MESSAGE][PASSED] - Delayed 5 second(s)

2019-08-02 18:25:53 - [MESSAGE][PASSED] - Object: '' is hovered

2019-08-02 18:25:55 - [MESSAGE][PASSED] - Delayed 2 second(s)

2019-08-02 18:26:00 - [MESSAGE][PASSED] - Delayed 5 second(s)

2019-08-02 18:26:02 - [MESSAGE][PASSED] - Delayed 2 second(s)

2019-08-02 18:26:03 - [MESSAGE][PASSED] - Delayed 1 second(s)

2019-08-02 18:26:03 - [MESSAGE][PASSED] - COO_1.pdf exist in G:/Sabareesh/Personal/USGBC_NewApproach1/USGBC_LEED/Include/TestData/DownloadedFiles and was deleted

2019-08-02 18:26:03 - [MESSAGE][PASSED] - 

2019-08-02 18:26:03 - [MESSAGE][PASSED] - Actual text 'COO_1.pdf' and expected text 'COO_1.pdf' are matched 

2019-08-02 18:26:05 - [MESSAGE][PASSED] - Delayed 2 second(s)

2019-08-02 18:26:07 - [MESSAGE][PASSED] - Delayed 2 second(s)

2019-08-02 18:26:08 - [MESSAGE][PASSED] - Delayed 1 second(s)

2019-08-02 18:26:08 - [MESSAGE][PASSED] - ZZ.pdf exist in G:/Sabareesh/Personal/USGBC_NewApproach1/USGBC_LEED/Include/TestData/DownloadedFiles and was deleted

2019-08-02 18:26:08 - [MESSAGE][PASSED] - 

2019-08-02 18:26:08 - [MESSAGE][PASSED] - Actual text 'ZZ.pdf' and expected text 'ZZ.pdf' are matched 

2019-08-02 18:26:10 - [MESSAGE][PASSED] - Delayed 2 second(s)

2019-08-02 18:26:10 - [MESSAGE][PASSED] - Object: '' is clicked on

2019-08-02 18:26:12 - [MESSAGE][PASSED] - Delayed 2 second(s)

2019-08-02 18:26:12 - [MESSAGE][PASSED] - Object: '' is clicked on

2019-08-02 18:26:15 - [MESSAGE][PASSED] - Delayed 3 second(s)

2019-08-02 18:26:15 - [MESSAGE][PASSED] - Object '' is present

2019-08-02 18:26:17 - [MESSAGE][PASSED] - Delayed 2 second(s)

2019-08-02 18:26:22 - [MESSAGE][PASSED] - Delayed 5 second(s)

2019-08-02 18:26:22 - [MESSAGE][PASSED] - Object: '' is clicked on

2019-08-02 18:26:24 - [MESSAGE][PASSED] - Delayed 2 second(s)

2019-08-02 18:26:24 - [MESSAGE][PASSED] - Object: '' is clicked on

2019-08-02 18:26:26 - [MESSAGE][PASSED] - Delayed 2 second(s)

2019-08-02 18:26:28 - [MESSAGE][PASSED] - Delayed 2 second(s)

2019-08-02 18:26:33 - [MESSAGE][PASSED] - Delayed 5 second(s)

2019-08-02 18:26:34 - [MESSAGE][PASSED] - Object: '' is clicked on

2019-08-02 18:26:36 - [MESSAGE][PASSED] - Delayed 2 second(s)

2019-08-02 18:26:36 - [MESSAGE][PASSED] - Object: '' is clicked on

2019-08-02 18:26:38 - [MESSAGE][PASSED] - Delayed 2 second(s)

2019-08-02 18:26:43 - [MESSAGE][PASSED] - Delayed 5 second(s)

2019-08-02 18:26:43 - [MESSAGE][PASSED] - Web element with id: '' located by 'By.xpath: (//table[@class='ui collapsing celled table unstackable'])[2]' is not present after '2' second(s)

2019-08-02 18:26:45 - [MESSAGE][PASSED] - Delayed 2 second(s)

2019-08-02 18:26:50 - [MESSAGE][PASSED] - Delayed 5 second(s)

2019-08-02 18:26:50 - [MESSAGE][PASSED] - Object: '' is clicked on

2019-08-02 18:26:52 - [MESSAGE][PASSED] - Delayed 2 second(s)

2019-08-02 18:26:52 - [MESSAGE][PASSED] - Object: '' is clicked on

2019-08-02 18:26:54 - [MESSAGE][PASSED] - Delayed 2 second(s)

2019-08-02 18:26:56 - [MESSAGE][PASSED] - Delayed 2 second(s)

2019-08-02 18:27:01 - [MESSAGE][PASSED] - Delayed 5 second(s)

2019-08-02 18:27:01 - [MESSAGE][PASSED] - Object: '' is clicked on

2019-08-02 18:27:03 - [MESSAGE][PASSED] - Delayed 2 second(s)

2019-08-02 18:27:03 - [MESSAGE][PASSED] - Object: '' is clicked on

2019-08-02 18:27:05 - [MESSAGE][PASSED] - Delayed 2 second(s)

2019-08-02 18:27:10 - [MESSAGE][PASSED] - Delayed 5 second(s)

2019-08-02 18:27:10 - [MESSAGE][PASSED] - Web element with id: '' located by 'By.xpath: (//table[@class='ui collapsing celled table unstackable'])[1]' is not present after '2' second(s)

2019-08-02 18:27:11 - [TEST_CASE][PASSED] - Test Cases/TC_Login: Test Cases/TC_Login

2019-08-02 18:27:11 - [TEST_STEP][PASSED] - runWithCucumberRunner(common.LoginRunner): Run with 'common.LoginRunner' was passed

2019-08-02 18:27:11 - [MESSAGE][WARNING] - A browser is already opened. Closing browser and opening a new one

2019-08-02 18:27:11 - [MESSAGE][INFO] - Starting 'Chrome (headless)' driver

2019-08-02 18:27:14 - [MESSAGE][PASSED] - Browser is opened with url: ''

2019-08-02 18:27:15 - [MESSAGE][PASSED] - Current window maximized

2019-08-02 18:27:17 - [MESSAGE][PASSED] - Navigate to 'https://leedonline-stg.usgbc.org' successfully

2019-08-02 18:27:17 - [MESSAGE][PASSED] - Text 'automationbdd9@gmail.com' is set on object ''

2019-08-02 18:27:17 - [MESSAGE][PASSED] - Text 'initpass' is set on object ''

2019-08-02 18:27:20 - [MESSAGE][PASSED] - Delayed 3 second(s)

2019-08-02 18:27:20 - [MESSAGE][PASSED] - Scroll to object '' successfully

2019-08-02 18:27:20 - [MESSAGE][PASSED] - Object '' is checked

2019-08-02 18:27:24 - [MESSAGE][PASSED] - Delayed 4 second(s)

2019-08-02 18:27:25 - [MESSAGE][PASSED] - The form containing object: '' is submitted

2019-08-02 18:27:25 - [MESSAGE][PASSED] - Run with 'common.LoginRunner' was passed

2019-08-02 18:27:25 - [MESSAGE][PASSED] - Call Test Case 'Test Cases/TC_Login' successfully

2019-08-02 18:27:33 - [MESSAGE][PASSED] - Object: '' is clicked on

2019-08-02 18:27:34 - [MESSAGE][PASSED] - Object: '' is clicked on

2019-08-02 18:27:36 - [MESSAGE][PASSED] - Delayed 2 second(s)

2019-08-02 18:27:36 - [MESSAGE][PASSED] - Text of object '' is: 'READY FOR REVIEW'

2019-08-02 18:27:37 - [MESSAGE][PASSED] - Object: '' is clicked on

2019-08-02 18:27:42 - [MESSAGE][PASSED] - Delayed 5 second(s)

2019-08-02 18:27:45 - [MESSAGE][PASSED] - Delayed 3 second(s)

2019-08-02 18:27:47 - [MESSAGE][PASSED] - Delayed 2 second(s)

2019-08-02 18:27:47 - [MESSAGE][PASSED] - Object: '' is clicked on

2019-08-02 18:27:47 - [MESSAGE][PASSED] - Text of object '' is: 'Green Cleaning'

2019-08-02 18:27:50 - [MESSAGE][PASSED] - Delayed 3 second(s)

2019-08-02 18:27:53 - [MESSAGE][PASSED] - Object: '' is clicked on

2019-08-02 18:27:58 - [MESSAGE][PASSED] - Delayed 5 second(s)

2019-08-02 18:27:58 - [MESSAGE][PASSED] - Text of object '' is: 'Green Cleaning'

2019-08-02 18:27:58 - [MESSAGE][PASSED] - Actual text 'Green Cleaning' and expected text 'Green Cleaning' are matched 

2019-08-02 18:27:58 - [MESSAGE][PASSED] - Text '(V01)' is present on page 

2019-08-02 18:27:58 - [MESSAGE][PASSED] - Object: '' is clicked on

2019-08-02 18:27:58 - [MESSAGE][PASSED] - Object '' has attribute 'class' with value 'tiny ui button'

2019-08-02 18:28:13 - [MESSAGE][PASSED] - Delayed 15 second(s)

2019-08-02 18:28:14 - [MESSAGE][PASSED] - File 'G:\Sabareesh\Personal\USGBC_NewApproach1\USGBC_LEED\Include\TestData\FilesToUpload\COO_1.pdf' sent to object: ''

2019-08-02 18:28:14 - [MESSAGE][PASSED] - Object '' has attribute 'class' with value 'tiny ui button'

2019-08-02 18:28:29 - [MESSAGE][PASSED] - Delayed 15 second(s)

2019-08-02 18:28:29 - [MESSAGE][PASSED] - File 'G:\Sabareesh\Personal\USGBC_NewApproach1\USGBC_LEED\Include\TestData\FilesToUpload\ZZ.pdf' sent to object: ''

2019-08-02 18:28:32 - [MESSAGE][PASSED] - Delayed 3 second(s)

2019-08-02 18:28:32 - [MESSAGE][PASSED] - Object '' has attribute 'class' with value 'tiny ui button'

2019-08-02 18:28:47 - [MESSAGE][PASSED] - Delayed 15 second(s)

2019-08-02 18:28:47 - [MESSAGE][PASSED] - File 'G:\Sabareesh\Personal\USGBC_NewApproach1\USGBC_LEED\Include\TestData\FilesToUpload\COO_1.pdf' sent to object: ''

2019-08-02 18:28:47 - [MESSAGE][PASSED] - Object '' has attribute 'class' with value 'tiny ui button'

2019-08-02 18:29:02 - [MESSAGE][PASSED] - Delayed 15 second(s)

2019-08-02 18:29:02 - [MESSAGE][PASSED] - File 'G:\Sabareesh\Personal\USGBC_NewApproach1\USGBC_LEED\Include\TestData\FilesToUpload\ZZ.pdf' sent to object: ''

2019-08-02 18:29:05 - [MESSAGE][PASSED] - Delayed 3 second(s)

2019-08-02 18:29:05 - [MESSAGE][PASSED] - Text of object '' is: 'COO_1.pdf'

2019-08-02 18:29:07 - [MESSAGE][PASSED] - Delayed 2 second(s)

2019-08-02 18:29:07 - [MESSAGE][PASSED] - COO_1.pdf is equal to COO_1.pdf

2019-08-02 18:29:07 - [MESSAGE][PASSED] - Actual text 'COO_1.pdf' and expected text 'COO_1.pdf' are matched 

2019-08-02 18:29:07 - [MESSAGE][PASSED] - Text of object '' is: 'ZZ.pdf'

2019-08-02 18:29:09 - [MESSAGE][PASSED] - Delayed 2 second(s)

2019-08-02 18:29:11 - [MESSAGE][PASSED] - Delayed 2 second(s)

2019-08-02 18:29:11 - [MESSAGE][PASSED] - ZZ.pdf is equal to ZZ.pdf

2019-08-02 18:29:11 - [MESSAGE][PASSED] - Actual text 'ZZ.pdf' and expected text 'ZZ.pdf' are matched 

2019-08-02 18:29:11 - [MESSAGE][PASSED] - Text of object '' is: 'COO_1.pdf'

2019-08-02 18:29:13 - [MESSAGE][PASSED] - Delayed 2 second(s)

2019-08-02 18:29:13 - [MESSAGE][PASSED] - COO_1.pdf is equal to COO_1.pdf

2019-08-02 18:29:13 - [MESSAGE][PASSED] - Actual text 'COO_1.pdf' and expected text 'COO_1.pdf' are matched 

2019-08-02 18:29:13 - [MESSAGE][PASSED] - Text of object '' is: 'ZZ.pdf'

2019-08-02 18:29:15 - [MESSAGE][PASSED] - Delayed 2 second(s)

2019-08-02 18:29:17 - [MESSAGE][PASSED] - Delayed 2 second(s)

2019-08-02 18:29:17 - [MESSAGE][PASSED] - ZZ.pdf is equal to ZZ.pdf

2019-08-02 18:29:17 - [MESSAGE][PASSED] - Actual text 'ZZ.pdf' and expected text 'ZZ.pdf' are matched 

2019-08-02 18:29:19 - [MESSAGE][PASSED] - Text 'Known that everybody have the personal aim. It is defferent . For example, there are some people think that the most important thing in them life is career. While there are other people think that is family. me too. The most important thing with my life is my small and big family.BVA2F' is set on object ''

2019-08-02 18:29:21 - [MESSAGE][PASSED] - Delayed 2 second(s)

2019-08-02 18:29:21 - [MESSAGE][PASSED] - Text of object '' is: 'Known that everybody have the personal aim. It is defferent . For example, there are some people think that the most important thing in them life is career. While there are other people think that is family. me too. The most important thing with my life is my small and big family.BVA2F'

2019-08-02 18:29:21 - [MESSAGE][PASSED] - Actual text 'Known that everybody have the personal aim. It is defferent . For example, there are some people think that the most important thing in them life is career. While there are other people think that is family. me too. The most important thing with my life is my small and big family.BVA2F' and expected text 'Known that everybody have the personal aim. It is defferent . For example, there are some people think that the most important thing in them life is career. While there are other people think that is family. me too. The most important thing with my life is my small and big family.BVA2F' are matched 

2019-08-02 18:29:21 - [MESSAGE][PASSED] - Text '905' is set on object ''

2019-08-02 18:29:23 - [MESSAGE][PASSED] - Delayed 2 second(s)

2019-08-02 18:29:23 - [MESSAGE][PASSED] - Attribute 'value' of object '' is: '905'

2019-08-02 18:29:23 - [MESSAGE][PASSED] - Actual text '905' and expected text '905' are matched 

2019-08-02 18:29:24 - [MESSAGE][PASSED] - Object: '' is clicked on

2019-08-02 18:29:28 - [MESSAGE][PASSED] - Delayed 4 second(s)

2019-08-02 18:29:28 - [MESSAGE][PASSED] - Text 'Form data saved successfully.' is present on page 

2019-08-02 18:29:34 - [MESSAGE][PASSED] - Delayed 6 second(s)

2019-08-02 18:29:36 - [MESSAGE][PASSED] - Delayed 2 second(s)

2019-08-02 18:29:36 - [MESSAGE][PASSED] - Object '' is present

2019-08-02 18:29:36 - [MESSAGE][PASSED] - Object: '' is clicked on

2019-08-02 18:29:46 - [MESSAGE][PASSED] - Delayed 10 second(s)

2019-08-02 18:29:52 - [MESSAGE][PASSED] - Delayed 6 second(s)

2019-08-02 18:29:52 - [MESSAGE][PASSED] - Actual text 'Found' and expected text 'Found' are matched 

2019-08-02 18:29:52 - [MESSAGE][PASSED] - Actual text 'Found' and expected text 'Found' are matched 

2019-08-02 18:29:53 - [MESSAGE][PASSED] - Text of object '' is: 'Known that everybody have the personal aim. It is defferent . For example, there are some people think that the most important thing in them life is career. While there are other people think that is family. me too. The most important thing with my life is my small and big family.BVA2F'

2019-08-02 18:29:53 - [MESSAGE][PASSED] - Actual text 'Found' and expected text 'Found' are matched 

2019-08-02 18:29:53 - [MESSAGE][PASSED] - Text of object '' is: ''

2019-08-02 18:29:53 - [MESSAGE][PASSED] - Actual text 'Found' and expected text 'Found' are matched 

2019-08-02 18:29:54 - [MESSAGE][PASSED] - Navigate back successfully

2019-08-02 18:29:56 - [MESSAGE][PASSED] - Delayed 2 second(s)

2019-08-02 18:29:57 - [MESSAGE][PASSED] - Object: '' is clicked on

2019-08-02 18:30:02 - [MESSAGE][PASSED] - Delayed 5 second(s)

2019-08-02 18:30:04 - [MESSAGE][PASSED] - Delayed 2 second(s)

2019-08-02 18:30:05 - [MESSAGE][PASSED] - Navigate forward successfully

2019-08-02 18:30:07 - [MESSAGE][PASSED] - Delayed 2 second(s)

2019-08-02 18:30:12 - [MESSAGE][PASSED] - Delayed 5 second(s)

2019-08-02 18:30:12 - [MESSAGE][PASSED] - Object: '' is clicked on

2019-08-02 18:30:12 - [MESSAGE][PASSED] - Text of object '' is: 'ZZ.pdf'

2019-08-02 18:30:17 - [MESSAGE][PASSED] - Delayed 5 second(s)

2019-08-02 18:30:17 - [MESSAGE][PASSED] - Object: '' is hovered

2019-08-02 18:30:19 - [MESSAGE][PASSED] - Delayed 2 second(s)

2019-08-02 18:30:21 - [MESSAGE][PASSED] - Delayed 2 second(s)

2019-08-02 18:30:26 - [MESSAGE][PASSED] - Delayed 5 second(s)

2019-08-02 18:30:26 - [MESSAGE][PASSED] - Object: '' is clicked on

2019-08-02 18:30:27 - [MESSAGE][PASSED] - Text of object '' is: 'COO_1.pdf'

2019-08-02 18:30:32 - [MESSAGE][PASSED] - Delayed 5 second(s)

2019-08-02 18:30:32 - [MESSAGE][PASSED] - Object: '' is hovered

2019-08-02 18:30:34 - [MESSAGE][PASSED] - Delayed 2 second(s)

2019-08-02 18:30:39 - [MESSAGE][PASSED] - Delayed 5 second(s)

2019-08-02 18:30:41 - [MESSAGE][PASSED] - Delayed 2 second(s)

2019-08-02 18:30:42 - [MESSAGE][PASSED] - Delayed 1 second(s)

2019-08-02 18:30:42 - [MESSAGE][PASSED] - COO_1.pdf exist in G:/Sabareesh/Personal/USGBC_NewApproach1/USGBC_LEED/Include/TestData/DownloadedFiles and was deleted

2019-08-02 18:30:42 - [MESSAGE][PASSED] - 

2019-08-02 18:30:42 - [MESSAGE][PASSED] - Actual text 'COO_1.pdf' and expected text 'COO_1.pdf' are matched 

2019-08-02 18:30:44 - [MESSAGE][PASSED] - Delayed 2 second(s)

2019-08-02 18:30:46 - [MESSAGE][PASSED] - Delayed 2 second(s)

2019-08-02 18:30:47 - [MESSAGE][PASSED] - Delayed 1 second(s)

2019-08-02 18:30:47 - [MESSAGE][PASSED] - ZZ.pdf exist in G:/Sabareesh/Personal/USGBC_NewApproach1/USGBC_LEED/Include/TestData/DownloadedFiles and was deleted

2019-08-02 18:30:47 - [MESSAGE][PASSED] - 

2019-08-02 18:30:47 - [MESSAGE][PASSED] - Actual text 'ZZ.pdf' and expected text 'ZZ.pdf' are matched 

2019-08-02 18:30:49 - [MESSAGE][PASSED] - Delayed 2 second(s)

2019-08-02 18:30:51 - [MESSAGE][PASSED] - Delayed 2 second(s)

2019-08-02 18:30:56 - [MESSAGE][PASSED] - Delayed 5 second(s)

2019-08-02 18:30:56 - [MESSAGE][PASSED] - Object: '' is clicked on

2019-08-02 18:30:56 - [MESSAGE][PASSED] - Text of object '' is: 'ZZ.pdf'

2019-08-02 18:31:01 - [MESSAGE][PASSED] - Delayed 5 second(s)

2019-08-02 18:31:01 - [MESSAGE][PASSED] - Object: '' is hovered

2019-08-02 18:31:03 - [MESSAGE][PASSED] - Delayed 2 second(s)

2019-08-02 18:31:05 - [MESSAGE][PASSED] - Delayed 2 second(s)

2019-08-02 18:31:10 - [MESSAGE][PASSED] - Delayed 5 second(s)

2019-08-02 18:31:10 - [MESSAGE][PASSED] - Object: '' is clicked on

2019-08-02 18:31:10 - [MESSAGE][PASSED] - Text of object '' is: 'COO_1.pdf'

2019-08-02 18:31:15 - [MESSAGE][PASSED] - Delayed 5 second(s)

2019-08-02 18:31:15 - [MESSAGE][PASSED] - Object: '' is hovered

2019-08-02 18:31:17 - [MESSAGE][PASSED] - Delayed 2 second(s)

2019-08-02 18:31:22 - [MESSAGE][PASSED] - Delayed 5 second(s)

2019-08-02 18:31:25 - [MESSAGE][PASSED] - Delayed 2 second(s)

2019-08-02 18:31:26 - [MESSAGE][PASSED] - Delayed 1 second(s)

2019-08-02 18:31:26 - [MESSAGE][PASSED] - COO_1.pdf exist in G:/Sabareesh/Personal/USGBC_NewApproach1/USGBC_LEED/Include/TestData/DownloadedFiles and was deleted

2019-08-02 18:31:26 - [MESSAGE][PASSED] - 

2019-08-02 18:31:26 - [MESSAGE][PASSED] - Actual text 'COO_1.pdf' and expected text 'COO_1.pdf' are matched 

2019-08-02 18:31:28 - [MESSAGE][PASSED] - Delayed 2 second(s)

2019-08-02 18:31:30 - [MESSAGE][PASSED] - Delayed 2 second(s)

2019-08-02 18:31:31 - [MESSAGE][PASSED] - Delayed 1 second(s)

2019-08-02 18:31:31 - [MESSAGE][PASSED] - ZZ.pdf exist in G:/Sabareesh/Personal/USGBC_NewApproach1/USGBC_LEED/Include/TestData/DownloadedFiles and was deleted

2019-08-02 18:31:31 - [MESSAGE][PASSED] - 

2019-08-02 18:31:31 - [MESSAGE][PASSED] - Actual text 'ZZ.pdf' and expected text 'ZZ.pdf' are matched 

2019-08-02 18:31:33 - [MESSAGE][PASSED] - Delayed 2 second(s)

2019-08-02 18:31:33 - [MESSAGE][PASSED] - Object: '' is clicked on

2019-08-02 18:31:35 - [MESSAGE][PASSED] - Delayed 2 second(s)

2019-08-02 18:31:35 - [MESSAGE][PASSED] - Object: '' is clicked on

2019-08-02 18:31:38 - [MESSAGE][PASSED] - Delayed 3 second(s)

2019-08-02 18:31:38 - [MESSAGE][PASSED] - Object '' is present

2019-08-02 18:31:40 - [MESSAGE][PASSED] - Delayed 2 second(s)

2019-08-02 18:31:45 - [MESSAGE][PASSED] - Delayed 5 second(s)

2019-08-02 18:31:45 - [MESSAGE][PASSED] - Object: '' is clicked on

2019-08-02 18:31:47 - [MESSAGE][PASSED] - Delayed 2 second(s)

2019-08-02 18:31:47 - [MESSAGE][PASSED] - Object: '' is clicked on

2019-08-02 18:31:49 - [MESSAGE][PASSED] - Delayed 2 second(s)

2019-08-02 18:31:51 - [MESSAGE][PASSED] - Delayed 2 second(s)

2019-08-02 18:31:56 - [MESSAGE][PASSED] - Delayed 5 second(s)

2019-08-02 18:31:56 - [MESSAGE][PASSED] - Object: '' is clicked on

2019-08-02 18:31:58 - [MESSAGE][PASSED] - Delayed 2 second(s)

2019-08-02 18:31:59 - [MESSAGE][PASSED] - Object: '' is clicked on

2019-08-02 18:32:01 - [MESSAGE][PASSED] - Delayed 2 second(s)

2019-08-02 18:32:06 - [MESSAGE][PASSED] - Delayed 5 second(s)

2019-08-02 18:32:06 - [MESSAGE][PASSED] - Web element with id: '' located by 'By.xpath: (//table[@class='ui collapsing celled table unstackable'])[2]' is not present after '2' second(s)

2019-08-02 18:32:08 - [MESSAGE][PASSED] - Delayed 2 second(s)

2019-08-02 18:32:13 - [MESSAGE][PASSED] - Delayed 5 second(s)

2019-08-02 18:32:13 - [MESSAGE][PASSED] - Object: '' is clicked on

2019-08-02 18:32:15 - [MESSAGE][PASSED] - Delayed 2 second(s)

2019-08-02 18:32:15 - [MESSAGE][PASSED] - Object: '' is clicked on

2019-08-02 18:32:17 - [MESSAGE][PASSED] - Delayed 2 second(s)

2019-08-02 18:32:19 - [MESSAGE][PASSED] - Delayed 2 second(s)

2019-08-02 18:32:24 - [MESSAGE][PASSED] - Delayed 5 second(s)

2019-08-02 18:32:24 - [MESSAGE][PASSED] - Object: '' is clicked on

2019-08-02 18:32:26 - [MESSAGE][PASSED] - Delayed 2 second(s)

2019-08-02 18:32:26 - [MESSAGE][PASSED] - Object: '' is clicked on

2019-08-02 18:32:28 - [MESSAGE][PASSED] - Delayed 2 second(s)

2019-08-02 18:32:33 - [MESSAGE][PASSED] - Delayed 5 second(s)

2019-08-02 18:32:33 - [MESSAGE][PASSED] - Web element with id: '' located by 'By.xpath: (//table[@class='ui collapsing celled table unstackable'])[1]' is not present after '2' second(s)

2019-08-02 18:32:33 - [TEST_CASE][PASSED] - Test Cases/TC_Login: Test Cases/TC_Login

2019-08-02 18:32:33 - [TEST_STEP][PASSED] - runWithCucumberRunner(common.LoginRunner): Run with 'common.LoginRunner' was passed

2019-08-02 18:32:34 - [MESSAGE][WARNING] - A browser is already opened. Closing browser and opening a new one

2019-08-02 18:32:34 - [MESSAGE][INFO] - Starting 'Chrome (headless)' driver

2019-08-02 18:32:37 - [MESSAGE][PASSED] - Browser is opened with url: ''

2019-08-02 18:32:38 - [MESSAGE][PASSED] - Current window maximized

2019-08-02 18:32:40 - [MESSAGE][PASSED] - Navigate to 'https://leedonline-stg.usgbc.org' successfully

2019-08-02 18:32:40 - [MESSAGE][PASSED] - Text 'automationbdd9@gmail.com' is set on object ''

2019-08-02 18:32:41 - [MESSAGE][PASSED] - Text 'initpass' is set on object ''

2019-08-02 18:32:44 - [MESSAGE][PASSED] - Delayed 3 second(s)

2019-08-02 18:32:44 - [MESSAGE][PASSED] - Scroll to object '' successfully

2019-08-02 18:32:44 - [MESSAGE][PASSED] - Object '' is checked

2019-08-02 18:32:48 - [MESSAGE][PASSED] - Delayed 4 second(s)

2019-08-02 18:32:48 - [MESSAGE][PASSED] - The form containing object: '' is submitted

2019-08-02 18:32:48 - [MESSAGE][PASSED] - Run with 'common.LoginRunner' was passed

2019-08-02 18:32:48 - [MESSAGE][PASSED] - Call Test Case 'Test Cases/TC_Login' successfully

2019-08-02 18:32:56 - [MESSAGE][PASSED] - Object: '' is clicked on

2019-08-02 18:32:57 - [MESSAGE][PASSED] - Object: '' is clicked on

2019-08-02 18:32:59 - [MESSAGE][PASSED] - Delayed 2 second(s)

2019-08-02 18:32:59 - [MESSAGE][PASSED] - Text of object '' is: 'READY FOR REVIEW'

2019-08-02 18:33:00 - [MESSAGE][PASSED] - Object: '' is clicked on

2019-08-02 18:33:05 - [MESSAGE][PASSED] - Delayed 5 second(s)

2019-08-02 18:33:08 - [MESSAGE][PASSED] - Delayed 3 second(s)

2019-08-02 18:33:10 - [MESSAGE][PASSED] - Delayed 2 second(s)

2019-08-02 18:33:10 - [MESSAGE][PASSED] - Object: '' is clicked on

2019-08-02 18:33:10 - [MESSAGE][PASSED] - Text of object '' is: 'Green Cleaning'

2019-08-02 18:33:13 - [MESSAGE][PASSED] - Delayed 3 second(s)

2019-08-02 18:33:16 - [MESSAGE][PASSED] - Object: '' is clicked on

2019-08-02 18:33:21 - [MESSAGE][PASSED] - Delayed 5 second(s)

2019-08-02 18:33:21 - [MESSAGE][PASSED] - Text of object '' is: 'Green Cleaning'

2019-08-02 18:33:21 - [MESSAGE][PASSED] - Actual text 'Green Cleaning' and expected text 'Green Cleaning' are matched 

2019-08-02 18:33:21 - [MESSAGE][PASSED] - Text '(V01)' is present on page 

2019-08-02 18:33:21 - [MESSAGE][PASSED] - Object: '' is clicked on

2019-08-02 18:33:22 - [MESSAGE][PASSED] - Object '' has attribute 'class' with value 'tiny ui button'

2019-08-02 18:33:37 - [MESSAGE][PASSED] - Delayed 15 second(s)

2019-08-02 18:33:37 - [MESSAGE][PASSED] - File 'G:\Sabareesh\Personal\USGBC_NewApproach1\USGBC_LEED\Include\TestData\FilesToUpload\COO_1.pdf' sent to object: ''

2019-08-02 18:33:37 - [MESSAGE][PASSED] - Object '' has attribute 'class' with value 'tiny ui button'

2019-08-02 18:33:52 - [MESSAGE][PASSED] - Delayed 15 second(s)

2019-08-02 18:33:52 - [MESSAGE][PASSED] - File 'G:\Sabareesh\Personal\USGBC_NewApproach1\USGBC_LEED\Include\TestData\FilesToUpload\ZZ.pdf' sent to object: ''

2019-08-02 18:33:55 - [MESSAGE][PASSED] - Delayed 3 second(s)

2019-08-02 18:33:55 - [MESSAGE][PASSED] - Object '' has attribute 'class' with value 'tiny ui button'

2019-08-02 18:34:10 - [MESSAGE][PASSED] - Delayed 15 second(s)

2019-08-02 18:34:10 - [MESSAGE][PASSED] - File 'G:\Sabareesh\Personal\USGBC_NewApproach1\USGBC_LEED\Include\TestData\FilesToUpload\COO_1.pdf' sent to object: ''

2019-08-02 18:34:10 - [MESSAGE][PASSED] - Object '' has attribute 'class' with value 'tiny ui button'

2019-08-02 18:34:25 - [MESSAGE][PASSED] - Delayed 15 second(s)

2019-08-02 18:34:25 - [MESSAGE][PASSED] - File 'G:\Sabareesh\Personal\USGBC_NewApproach1\USGBC_LEED\Include\TestData\FilesToUpload\ZZ.pdf' sent to object: ''

2019-08-02 18:34:28 - [MESSAGE][PASSED] - Delayed 3 second(s)

2019-08-02 18:34:28 - [MESSAGE][PASSED] - Object '' has attribute 'class' with value 'tiny ui button'

2019-08-02 18:34:43 - [MESSAGE][PASSED] - Delayed 15 second(s)

2019-08-02 18:34:43 - [MESSAGE][PASSED] - File 'G:\Sabareesh\Personal\USGBC_NewApproach1\USGBC_LEED\Include\TestData\FilesToUpload\COO_1.pdf' sent to object: ''

2019-08-02 18:34:43 - [MESSAGE][PASSED] - Object '' has attribute 'class' with value 'tiny ui button'

2019-08-02 18:34:58 - [MESSAGE][PASSED] - Delayed 15 second(s)

2019-08-02 18:34:58 - [MESSAGE][PASSED] - File 'G:\Sabareesh\Personal\USGBC_NewApproach1\USGBC_LEED\Include\TestData\FilesToUpload\ZZ.pdf' sent to object: ''

2019-08-02 18:35:01 - [MESSAGE][PASSED] - Delayed 3 second(s)

2019-08-02 18:35:01 - [MESSAGE][PASSED] - Text of object '' is: 'COO_1.pdf'

2019-08-02 18:35:03 - [MESSAGE][PASSED] - Delayed 2 second(s)

2019-08-02 18:35:03 - [MESSAGE][PASSED] - COO_1.pdf is equal to COO_1.pdf

2019-08-02 18:35:03 - [MESSAGE][PASSED] - Actual text 'COO_1.pdf' and expected text 'COO_1.pdf' are matched 

2019-08-02 18:35:03 - [MESSAGE][PASSED] - Text of object '' is: 'ZZ.pdf'

2019-08-02 18:35:05 - [MESSAGE][PASSED] - Delayed 2 second(s)

2019-08-02 18:35:07 - [MESSAGE][PASSED] - Delayed 2 second(s)

2019-08-02 18:35:07 - [MESSAGE][PASSED] - ZZ.pdf is equal to ZZ.pdf

2019-08-02 18:35:07 - [MESSAGE][PASSED] - Actual text 'ZZ.pdf' and expected text 'ZZ.pdf' are matched 

2019-08-02 18:35:08 - [MESSAGE][PASSED] - Text of object '' is: 'COO_1.pdf'

2019-08-02 18:35:10 - [MESSAGE][PASSED] - Delayed 2 second(s)

2019-08-02 18:35:10 - [MESSAGE][PASSED] - COO_1.pdf is equal to COO_1.pdf

2019-08-02 18:35:10 - [MESSAGE][PASSED] - Actual text 'COO_1.pdf' and expected text 'COO_1.pdf' are matched 

2019-08-02 18:35:10 - [MESSAGE][PASSED] - Text of object '' is: 'ZZ.pdf'

2019-08-02 18:35:12 - [MESSAGE][PASSED] - Delayed 2 second(s)

2019-08-02 18:35:14 - [MESSAGE][PASSED] - Delayed 2 second(s)

2019-08-02 18:35:14 - [MESSAGE][PASSED] - ZZ.pdf is equal to ZZ.pdf

2019-08-02 18:35:14 - [MESSAGE][PASSED] - Actual text 'ZZ.pdf' and expected text 'ZZ.pdf' are matched 

2019-08-02 18:35:14 - [MESSAGE][PASSED] - Text of object '' is: 'COO_1.pdf'

2019-08-02 18:35:16 - [MESSAGE][PASSED] - Delayed 2 second(s)

2019-08-02 18:35:16 - [MESSAGE][PASSED] - COO_1.pdf is equal to COO_1.pdf

2019-08-02 18:35:16 - [MESSAGE][PASSED] - Actual text 'COO_1.pdf' and expected text 'COO_1.pdf' are matched 

2019-08-02 18:35:16 - [MESSAGE][PASSED] - Text of object '' is: 'ZZ.pdf'

2019-08-02 18:35:18 - [MESSAGE][PASSED] - Delayed 2 second(s)

2019-08-02 18:35:20 - [MESSAGE][PASSED] - Delayed 2 second(s)

2019-08-02 18:35:20 - [MESSAGE][PASSED] - ZZ.pdf is equal to ZZ.pdf

2019-08-02 18:35:20 - [MESSAGE][PASSED] - Actual text 'ZZ.pdf' and expected text 'ZZ.pdf' are matched 

2019-08-02 18:35:22 - [MESSAGE][PASSED] - Text 'Known that everybody have the personal aim. It is defferent . For example, there are some people think that the most important thing in them life is career. While there are other people think that is family. me too. The most important thing with my life is my small and big family.45BJW' is set on object ''

2019-08-02 18:35:24 - [MESSAGE][PASSED] - Delayed 2 second(s)

2019-08-02 18:35:24 - [MESSAGE][PASSED] - Text of object '' is: 'Known that everybody have the personal aim. It is defferent . For example, there are some people think that the most important thing in them life is career. While there are other people think that is family. me too. The most important thing with my life is my small and big family.45BJW'

2019-08-02 18:35:24 - [MESSAGE][PASSED] - Actual text 'Known that everybody have the personal aim. It is defferent . For example, there are some people think that the most important thing in them life is career. While there are other people think that is family. me too. The most important thing with my life is my small and big family.45BJW' and expected text 'Known that everybody have the personal aim. It is defferent . For example, there are some people think that the most important thing in them life is career. While there are other people think that is family. me too. The most important thing with my life is my small and big family.45BJW' are matched 

2019-08-02 18:35:24 - [MESSAGE][PASSED] - Text '905' is set on object ''

2019-08-02 18:35:26 - [MESSAGE][PASSED] - Delayed 2 second(s)

2019-08-02 18:35:26 - [MESSAGE][PASSED] - Attribute 'value' of object '' is: '905'

2019-08-02 18:35:26 - [MESSAGE][PASSED] - Actual text '905' and expected text '905' are matched 

2019-08-02 18:35:27 - [MESSAGE][PASSED] - All options with value 'Inventory' are selected in object ''  using regular expression

2019-08-02 18:35:30 - [MESSAGE][PASSED] - Delayed 3 second(s)

2019-08-02 18:35:30 - [MESSAGE][PASSED] - Attribute 'value' of object '' is: 'Inventory'

2019-08-02 18:35:30 - [MESSAGE][PASSED] - Actual text 'Inventory' and expected text 'Inventory' are matched 

2019-08-02 18:35:30 - [MESSAGE][PASSED] - Object: '' is clicked on

2019-08-02 18:35:34 - [MESSAGE][PASSED] - Delayed 4 second(s)

2019-08-02 18:35:34 - [MESSAGE][PASSED] - Text 'Form data saved successfully.' is present on page 

2019-08-02 18:35:40 - [MESSAGE][PASSED] - Delayed 6 second(s)

2019-08-02 18:35:42 - [MESSAGE][PASSED] - Delayed 2 second(s)

2019-08-02 18:35:42 - [MESSAGE][PASSED] - Object '' is present

2019-08-02 18:35:42 - [MESSAGE][PASSED] - Object: '' is clicked on

2019-08-02 18:35:52 - [MESSAGE][PASSED] - Delayed 10 second(s)

2019-08-02 18:35:58 - [MESSAGE][PASSED] - Delayed 6 second(s)

2019-08-02 18:35:58 - [MESSAGE][PASSED] - Actual text 'Found' and expected text 'Found' are matched 

2019-08-02 18:35:59 - [MESSAGE][PASSED] - Actual text 'Found' and expected text 'Found' are matched 

2019-08-02 18:35:59 - [MESSAGE][PASSED] - Actual text 'Found' and expected text 'Found' are matched 

2019-08-02 18:35:59 - [MESSAGE][PASSED] - Text of object '' is: 'Known that everybody have the personal aim. It is defferent . For example, there are some people think that the most important thing in them life is career. While there are other people think that is family. me too. The most important thing with my life is my small and big family.45BJW'

2019-08-02 18:35:59 - [MESSAGE][PASSED] - Actual text 'Found' and expected text 'Found' are matched 

2019-08-02 18:35:59 - [MESSAGE][PASSED] - Text of object '' is: ''

2019-08-02 18:35:59 - [MESSAGE][PASSED] - Actual text 'Found' and expected text 'Found' are matched 

2019-08-02 18:35:59 - [MESSAGE][PASSED] - Attribute 'value' of object '' is: 'Inventory'

2019-08-02 18:36:01 - [MESSAGE][PASSED] - Navigate back successfully

2019-08-02 18:36:03 - [MESSAGE][PASSED] - Delayed 2 second(s)

2019-08-02 18:36:03 - [MESSAGE][PASSED] - Object: '' is clicked on

2019-08-02 18:36:08 - [MESSAGE][PASSED] - Delayed 5 second(s)

2019-08-02 18:36:10 - [MESSAGE][PASSED] - Delayed 2 second(s)

2019-08-02 18:36:12 - [MESSAGE][PASSED] - Navigate forward successfully

2019-08-02 18:36:14 - [MESSAGE][PASSED] - Delayed 2 second(s)

2019-08-02 18:36:19 - [MESSAGE][PASSED] - Delayed 5 second(s)

2019-08-02 18:36:19 - [MESSAGE][PASSED] - Object: '' is clicked on

2019-08-02 18:36:19 - [MESSAGE][PASSED] - Text of object '' is: 'ZZ.pdf'

2019-08-02 18:36:24 - [MESSAGE][PASSED] - Delayed 5 second(s)

2019-08-02 18:36:24 - [MESSAGE][PASSED] - Object: '' is hovered

2019-08-02 18:36:26 - [MESSAGE][PASSED] - Delayed 2 second(s)

2019-08-02 18:36:28 - [MESSAGE][PASSED] - Delayed 2 second(s)

2019-08-02 18:36:33 - [MESSAGE][PASSED] - Delayed 5 second(s)

2019-08-02 18:36:33 - [MESSAGE][PASSED] - Object: '' is clicked on

2019-08-02 18:36:33 - [MESSAGE][PASSED] - Text of object '' is: 'COO_1.pdf'

2019-08-02 18:36:38 - [MESSAGE][PASSED] - Delayed 5 second(s)

2019-08-02 18:36:39 - [MESSAGE][PASSED] - Object: '' is hovered

2019-08-02 18:36:41 - [MESSAGE][PASSED] - Delayed 2 second(s)

2019-08-02 18:36:46 - [MESSAGE][PASSED] - Delayed 5 second(s)

2019-08-02 18:36:48 - [MESSAGE][PASSED] - Delayed 2 second(s)

2019-08-02 18:36:49 - [MESSAGE][PASSED] - Delayed 1 second(s)

2019-08-02 18:36:49 - [MESSAGE][PASSED] - COO_1.pdf exist in G:/Sabareesh/Personal/USGBC_NewApproach1/USGBC_LEED/Include/TestData/DownloadedFiles and was deleted

2019-08-02 18:36:49 - [MESSAGE][PASSED] - 

2019-08-02 18:36:49 - [MESSAGE][PASSED] - Actual text 'COO_1.pdf' and expected text 'COO_1.pdf' are matched 

2019-08-02 18:36:51 - [MESSAGE][PASSED] - Delayed 2 second(s)

2019-08-02 18:36:53 - [MESSAGE][PASSED] - Delayed 2 second(s)

2019-08-02 18:36:54 - [MESSAGE][PASSED] - Delayed 1 second(s)

2019-08-02 18:36:54 - [MESSAGE][PASSED] - ZZ.pdf exist in G:/Sabareesh/Personal/USGBC_NewApproach1/USGBC_LEED/Include/TestData/DownloadedFiles and was deleted

2019-08-02 18:36:54 - [MESSAGE][PASSED] - 

2019-08-02 18:36:54 - [MESSAGE][PASSED] - Actual text 'ZZ.pdf' and expected text 'ZZ.pdf' are matched 

2019-08-02 18:36:56 - [MESSAGE][PASSED] - Delayed 2 second(s)

2019-08-02 18:36:58 - [MESSAGE][PASSED] - Delayed 2 second(s)

2019-08-02 18:37:03 - [MESSAGE][PASSED] - Delayed 5 second(s)

2019-08-02 18:37:03 - [MESSAGE][PASSED] - Object: '' is clicked on

2019-08-02 18:37:03 - [MESSAGE][PASSED] - Text of object '' is: 'ZZ.pdf'

2019-08-02 18:37:08 - [MESSAGE][PASSED] - Delayed 5 second(s)

2019-08-02 18:37:08 - [MESSAGE][PASSED] - Object: '' is hovered

2019-08-02 18:37:10 - [MESSAGE][PASSED] - Delayed 2 second(s)

2019-08-02 18:37:12 - [MESSAGE][PASSED] - Delayed 2 second(s)

2019-08-02 18:37:17 - [MESSAGE][PASSED] - Delayed 5 second(s)

2019-08-02 18:37:17 - [MESSAGE][PASSED] - Object: '' is clicked on

2019-08-02 18:37:17 - [MESSAGE][PASSED] - Text of object '' is: 'COO_1.pdf'

2019-08-02 18:37:22 - [MESSAGE][PASSED] - Delayed 5 second(s)

2019-08-02 18:37:22 - [MESSAGE][PASSED] - Object: '' is hovered

2019-08-02 18:37:24 - [MESSAGE][PASSED] - Delayed 2 second(s)

2019-08-02 18:37:29 - [MESSAGE][PASSED] - Delayed 5 second(s)

2019-08-02 18:37:31 - [MESSAGE][PASSED] - Delayed 2 second(s)

2019-08-02 18:37:32 - [MESSAGE][PASSED] - Delayed 1 second(s)

2019-08-02 18:37:32 - [MESSAGE][PASSED] - COO_1.pdf exist in G:/Sabareesh/Personal/USGBC_NewApproach1/USGBC_LEED/Include/TestData/DownloadedFiles and was deleted

2019-08-02 18:37:32 - [MESSAGE][PASSED] - 

2019-08-02 18:37:32 - [MESSAGE][PASSED] - Actual text 'COO_1.pdf' and expected text 'COO_1.pdf' are matched 

2019-08-02 18:37:34 - [MESSAGE][PASSED] - Delayed 2 second(s)

2019-08-02 18:37:36 - [MESSAGE][PASSED] - Delayed 2 second(s)

2019-08-02 18:37:37 - [MESSAGE][PASSED] - Delayed 1 second(s)

2019-08-02 18:37:37 - [MESSAGE][PASSED] - ZZ.pdf exist in G:/Sabareesh/Personal/USGBC_NewApproach1/USGBC_LEED/Include/TestData/DownloadedFiles and was deleted

2019-08-02 18:37:37 - [MESSAGE][PASSED] - 

2019-08-02 18:37:37 - [MESSAGE][PASSED] - Actual text 'ZZ.pdf' and expected text 'ZZ.pdf' are matched 

2019-08-02 18:37:39 - [MESSAGE][PASSED] - Delayed 2 second(s)

2019-08-02 18:37:41 - [MESSAGE][PASSED] - Delayed 2 second(s)

2019-08-02 18:37:47 - [MESSAGE][PASSED] - Delayed 5 second(s)

2019-08-02 18:37:47 - [MESSAGE][PASSED] - Object: '' is clicked on

2019-08-02 18:37:47 - [MESSAGE][PASSED] - Text of object '' is: 'ZZ.pdf'

2019-08-02 18:37:52 - [MESSAGE][PASSED] - Delayed 5 second(s)

2019-08-02 18:37:52 - [MESSAGE][PASSED] - Object: '' is hovered

2019-08-02 18:37:54 - [MESSAGE][PASSED] - Delayed 2 second(s)

2019-08-02 18:37:56 - [MESSAGE][PASSED] - Delayed 2 second(s)

2019-08-02 18:38:01 - [MESSAGE][PASSED] - Delayed 5 second(s)

2019-08-02 18:38:01 - [MESSAGE][PASSED] - Object: '' is clicked on

2019-08-02 18:38:01 - [MESSAGE][PASSED] - Text of object '' is: 'COO_1.pdf'

2019-08-02 18:38:06 - [MESSAGE][PASSED] - Delayed 5 second(s)

2019-08-02 18:38:06 - [MESSAGE][PASSED] - Object: '' is hovered

2019-08-02 18:38:08 - [MESSAGE][PASSED] - Delayed 2 second(s)

2019-08-02 18:38:13 - [MESSAGE][PASSED] - Delayed 5 second(s)

2019-08-02 18:38:15 - [MESSAGE][PASSED] - Delayed 2 second(s)

2019-08-02 18:38:16 - [MESSAGE][PASSED] - Delayed 1 second(s)

2019-08-02 18:38:16 - [MESSAGE][PASSED] - COO_1.pdf exist in G:/Sabareesh/Personal/USGBC_NewApproach1/USGBC_LEED/Include/TestData/DownloadedFiles and was deleted

2019-08-02 18:38:16 - [MESSAGE][PASSED] - 

2019-08-02 18:38:16 - [MESSAGE][PASSED] - Actual text 'COO_1.pdf' and expected text 'COO_1.pdf' are matched 

2019-08-02 18:38:18 - [MESSAGE][PASSED] - Delayed 2 second(s)

2019-08-02 18:38:20 - [MESSAGE][PASSED] - Delayed 2 second(s)

2019-08-02 18:38:21 - [MESSAGE][PASSED] - Delayed 1 second(s)

2019-08-02 18:38:21 - [MESSAGE][PASSED] - ZZ.pdf exist in G:/Sabareesh/Personal/USGBC_NewApproach1/USGBC_LEED/Include/TestData/DownloadedFiles and was deleted

2019-08-02 18:38:21 - [MESSAGE][PASSED] - 

2019-08-02 18:38:21 - [MESSAGE][PASSED] - Actual text 'ZZ.pdf' and expected text 'ZZ.pdf' are matched 

2019-08-02 18:38:23 - [MESSAGE][PASSED] - Delayed 2 second(s)

2019-08-02 18:38:23 - [MESSAGE][PASSED] - Object: '' is clicked on

2019-08-02 18:38:25 - [MESSAGE][PASSED] - Delayed 2 second(s)

2019-08-02 18:38:26 - [MESSAGE][PASSED] - Object: '' is clicked on

2019-08-02 18:38:29 - [MESSAGE][PASSED] - Delayed 3 second(s)

2019-08-02 18:38:29 - [MESSAGE][PASSED] - Object '' is present

2019-08-02 18:38:31 - [MESSAGE][PASSED] - Delayed 2 second(s)

2019-08-02 18:38:36 - [MESSAGE][PASSED] - Delayed 5 second(s)

2019-08-02 18:38:36 - [MESSAGE][PASSED] - Object: '' is clicked on

2019-08-02 18:38:38 - [MESSAGE][PASSED] - Delayed 2 second(s)

2019-08-02 18:38:38 - [MESSAGE][PASSED] - Object: '' is clicked on

2019-08-02 18:38:40 - [MESSAGE][PASSED] - Delayed 2 second(s)

2019-08-02 18:38:42 - [MESSAGE][PASSED] - Delayed 2 second(s)

2019-08-02 18:38:47 - [MESSAGE][PASSED] - Delayed 5 second(s)

2019-08-02 18:38:47 - [MESSAGE][PASSED] - Object: '' is clicked on

2019-08-02 18:38:49 - [MESSAGE][PASSED] - Delayed 2 second(s)

2019-08-02 18:38:49 - [MESSAGE][PASSED] - Object: '' is clicked on

2019-08-02 18:38:51 - [MESSAGE][PASSED] - Delayed 2 second(s)

2019-08-02 18:38:56 - [MESSAGE][PASSED] - Delayed 5 second(s)

2019-08-02 18:38:56 - [MESSAGE][PASSED] - Web element with id: '' located by 'By.xpath: (//table[@class='ui collapsing celled table unstackable'])[3]' is not present after '2' second(s)

2019-08-02 18:38:58 - [MESSAGE][PASSED] - Delayed 2 second(s)

2019-08-02 18:39:04 - [MESSAGE][PASSED] - Delayed 5 second(s)

2019-08-02 18:39:04 - [MESSAGE][PASSED] - Object: '' is clicked on

2019-08-02 18:39:06 - [MESSAGE][PASSED] - Delayed 2 second(s)

2019-08-02 18:39:06 - [MESSAGE][PASSED] - Object: '' is clicked on

2019-08-02 18:39:08 - [MESSAGE][PASSED] - Delayed 2 second(s)

2019-08-02 18:39:10 - [MESSAGE][PASSED] - Delayed 2 second(s)

2019-08-02 18:39:15 - [MESSAGE][PASSED] - Delayed 5 second(s)

2019-08-02 18:39:15 - [MESSAGE][PASSED] - Object: '' is clicked on

2019-08-02 18:39:17 - [MESSAGE][PASSED] - Delayed 2 second(s)

2019-08-02 18:39:17 - [MESSAGE][PASSED] - Object: '' is clicked on

2019-08-02 18:39:19 - [MESSAGE][PASSED] - Delayed 2 second(s)

2019-08-02 18:39:24 - [MESSAGE][PASSED] - Delayed 5 second(s)

2019-08-02 18:39:24 - [MESSAGE][PASSED] - Web element with id: '' located by 'By.xpath: (//table[@class='ui collapsing celled table unstackable'])[2]' is not present after '2' second(s)

2019-08-02 18:39:26 - [MESSAGE][PASSED] - Delayed 2 second(s)

2019-08-02 18:39:31 - [MESSAGE][PASSED] - Delayed 5 second(s)

2019-08-02 18:39:31 - [MESSAGE][PASSED] - Object: '' is clicked on

2019-08-02 18:39:33 - [MESSAGE][PASSED] - Delayed 2 second(s)

2019-08-02 18:39:33 - [MESSAGE][PASSED] - Object: '' is clicked on

2019-08-02 18:39:35 - [MESSAGE][PASSED] - Delayed 2 second(s)

2019-08-02 18:39:37 - [MESSAGE][PASSED] - Delayed 2 second(s)

2019-08-02 18:39:42 - [MESSAGE][PASSED] - Delayed 5 second(s)

2019-08-02 18:39:43 - [MESSAGE][PASSED] - Object: '' is clicked on

2019-08-02 18:39:45 - [MESSAGE][PASSED] - Delayed 2 second(s)

2019-08-02 18:39:45 - [MESSAGE][PASSED] - Object: '' is clicked on

2019-08-02 18:39:47 - [MESSAGE][PASSED] - Delayed 2 second(s)

2019-08-02 18:39:52 - [MESSAGE][PASSED] - Delayed 5 second(s)

2019-08-02 18:39:52 - [MESSAGE][PASSED] - Web element with id: '' located by 'By.xpath: (//table[@class='ui collapsing celled table unstackable'])[1]' is not present after '2' second(s)

2019-08-02 18:39:52 - [TEST_CASE][PASSED] - Test Cases/TC_Login: Test Cases/TC_Login

2019-08-02 18:39:52 - [TEST_STEP][PASSED] - runWithCucumberRunner(common.LoginRunner): Run with 'common.LoginRunner' was passed

2019-08-02 18:39:52 - [MESSAGE][WARNING] - A browser is already opened. Closing browser and opening a new one

2019-08-02 18:39:53 - [MESSAGE][INFO] - Starting 'Chrome (headless)' driver

2019-08-02 18:39:55 - [MESSAGE][PASSED] - Browser is opened with url: ''

2019-08-02 18:39:56 - [MESSAGE][PASSED] - Current window maximized

2019-08-02 18:39:58 - [MESSAGE][PASSED] - Navigate to 'https://leedonline-stg.usgbc.org' successfully

2019-08-02 18:39:58 - [MESSAGE][PASSED] - Text 'automationbdd9@gmail.com' is set on object ''

2019-08-02 18:39:58 - [MESSAGE][PASSED] - Text 'initpass' is set on object ''

2019-08-02 18:40:01 - [MESSAGE][PASSED] - Delayed 3 second(s)

2019-08-02 18:40:01 - [MESSAGE][PASSED] - Scroll to object '' successfully

2019-08-02 18:40:02 - [MESSAGE][PASSED] - Object '' is checked

2019-08-02 18:40:06 - [MESSAGE][PASSED] - Delayed 4 second(s)

2019-08-02 18:40:06 - [MESSAGE][PASSED] - The form containing object: '' is submitted

2019-08-02 18:40:06 - [MESSAGE][PASSED] - Run with 'common.LoginRunner' was passed

2019-08-02 18:40:06 - [MESSAGE][PASSED] - Call Test Case 'Test Cases/TC_Login' successfully

2019-08-02 18:40:14 - [MESSAGE][PASSED] - Object: '' is clicked on

2019-08-02 18:40:15 - [MESSAGE][PASSED] - Object: '' is clicked on

2019-08-02 18:40:17 - [MESSAGE][PASSED] - Delayed 2 second(s)

2019-08-02 18:40:17 - [MESSAGE][PASSED] - Text of object '' is: 'READY FOR REVIEW'

2019-08-02 18:40:17 - [MESSAGE][PASSED] - Object: '' is clicked on

2019-08-02 18:40:22 - [MESSAGE][PASSED] - Delayed 5 second(s)

2019-08-02 18:40:25 - [MESSAGE][PASSED] - Delayed 3 second(s)

2019-08-02 18:40:27 - [MESSAGE][PASSED] - Delayed 2 second(s)

2019-08-02 18:40:27 - [MESSAGE][PASSED] - Object: '' is clicked on

2019-08-02 18:40:27 - [MESSAGE][PASSED] - Text of object '' is: 'Green Cleaning'

2019-08-02 18:40:30 - [MESSAGE][PASSED] - Delayed 3 second(s)

2019-08-02 18:40:34 - [MESSAGE][PASSED] - Object: '' is clicked on

2019-08-02 18:40:39 - [MESSAGE][PASSED] - Delayed 5 second(s)

2019-08-02 18:40:39 - [MESSAGE][PASSED] - Object: '' is clicked on

2019-08-02 18:40:49 - [MESSAGE][PASSED] - Delayed 10 second(s)

2019-08-02 18:40:50 - [MESSAGE][PASSED] - Object '' is present

2019-08-02 18:40:50 - [MESSAGE][PASSED] - Text of object '' is: 'Last draft saved on: 02 Aug 2019 06:40:44 PM  Clear draft'

2019-08-02 18:40:50 - [MESSAGE][PASSED] - Text 'Because I see the mind is the most important.92MW2' is set on object ''

2019-08-02 18:40:52 - [MESSAGE][PASSED] - Delayed 2 second(s)

2019-08-02 18:40:52 - [MESSAGE][PASSED] - Text of object '' is: 'Because I see the mind is the most important.92MW2'

2019-08-02 18:40:52 - [MESSAGE][PASSED] - Actual text 'Because I see the mind is the most important.92MW2' and expected text 'Because I see the mind is the most important.92MW2' are matched 

2019-08-02 18:40:53 - [MESSAGE][PASSED] - Text 'Because I see the mind is the most important.92MW2' is set on object ''

2019-08-02 18:40:55 - [MESSAGE][PASSED] - Delayed 2 second(s)

2019-08-02 18:40:55 - [MESSAGE][PASSED] - Text of object '' is: 'Because I see the mind is the most important.92MW2'

2019-08-02 18:40:55 - [MESSAGE][PASSED] - Actual text 'Because I see the mind is the most important.92MW2' and expected text 'Because I see the mind is the most important.92MW2' are matched 

2019-08-02 18:40:55 - [MESSAGE][PASSED] - Text 'Because I see the mind is the most important.92MW2' is set on object ''

2019-08-02 18:40:57 - [MESSAGE][PASSED] - Delayed 2 second(s)

2019-08-02 18:40:57 - [MESSAGE][PASSED] - Text of object '' is: 'Because I see the mind is the most important.92MW2'

2019-08-02 18:40:57 - [MESSAGE][PASSED] - Actual text 'Because I see the mind is the most important.92MW2' and expected text 'Because I see the mind is the most important.92MW2' are matched 

2019-08-02 18:41:07 - [MESSAGE][PASSED] - Delayed 10 second(s)

2019-08-02 18:41:07 - [MESSAGE][PASSED] - Text of object '' is: 'Last draft saved on: 02 Aug 2019 06:41:05 PM  Clear draft'

2019-08-02 18:41:07 - [MESSAGE][PASSED] - Actual text 'Last draft saved on: 02 Aug 2019 06:40:44 PM  Clear draft' and expected text 'Last draft saved on: 02 Aug 2019 06:41:05 PM  Clear draft' are not matched 

2019-08-02 18:41:17 - [MESSAGE][PASSED] - Delayed 10 second(s)

2019-08-02 18:41:18 - [MESSAGE][PASSED] - Text of object '' is: 'Last draft saved on: 02 Aug 2019 06:41:05 PM  Clear draft'

[...]

2019-08-02 18:53:32 - [MESSAGE][PASSED] - Object: '' is clicked on

2019-08-02 18:53:36 - [MESSAGE][PASSED] - Delayed 4 second(s)

2019-08-02 18:53:39 - [MESSAGE][PASSED] - Delayed 2 second(s)

2019-08-02 18:53:44 - [MESSAGE][PASSED] - Delayed 5 second(s)

2019-08-02 18:53:44 - [MESSAGE][PASSED] - Object: '' is clicked on

2019-08-02 18:53:46 - [MESSAGE][PASSED] - Delayed 2 second(s)

2019-08-02 18:53:46 - [MESSAGE][PASSED] - Object: '' is clicked on

2019-08-02 18:53:48 - [MESSAGE][PASSED] - Delayed 2 second(s)

2019-08-02 18:53:50 - [MESSAGE][PASSED] - Delayed 2 second(s)

2019-08-02 18:53:55 - [MESSAGE][PASSED] - Delayed 5 second(s)

2019-08-02 18:53:55 - [MESSAGE][PASSED] - Object: '' is clicked on

2019-08-02 18:53:57 - [MESSAGE][PASSED] - Delayed 2 second(s)

2019-08-02 18:53:57 - [MESSAGE][PASSED] - Object: '' is clicked on

2019-08-02 18:53:59 - [MESSAGE][PASSED] - Delayed 2 second(s)

2019-08-02 18:54:04 - [MESSAGE][PASSED] - Delayed 5 second(s)

2019-08-02 18:54:04 - [MESSAGE][PASSED] - Web element with id: '' located by 'By.xpath: (//table[@class='ui collapsing celled table unstackable'])[2]' is not present after '2' second(s)

2019-08-02 18:54:06 - [MESSAGE][PASSED] - Delayed 2 second(s)

2019-08-02 18:54:11 - [MESSAGE][PASSED] - Delayed 5 second(s)

2019-08-02 18:54:11 - [MESSAGE][PASSED] - Object: '' is clicked on

2019-08-02 18:54:13 - [MESSAGE][PASSED] - Delayed 2 second(s)

2019-08-02 18:54:14 - [MESSAGE][PASSED] - Object: '' is clicked on

2019-08-02 18:54:16 - [MESSAGE][PASSED] - Delayed 2 second(s)

2019-08-02 18:54:18 - [MESSAGE][PASSED] - Delayed 2 second(s)

2019-08-02 18:54:23 - [MESSAGE][PASSED] - Delayed 5 second(s)

2019-08-02 18:54:23 - [MESSAGE][PASSED] - Object: '' is clicked on

2019-08-02 18:54:25 - [MESSAGE][PASSED] - Delayed 2 second(s)

2019-08-02 18:54:25 - [MESSAGE][PASSED] - Object: '' is clicked on

2019-08-02 18:54:27 - [MESSAGE][PASSED] - Delayed 2 second(s)

2019-08-02 18:54:32 - [MESSAGE][PASSED] - Delayed 5 second(s)

2019-08-02 18:54:32 - [MESSAGE][PASSED] - Web element with id: '' located by 'By.xpath: (//table[@class='ui collapsing celled table unstackable'])[1]' is not present after '2' second(s)

2019-08-02 18:54:32 - [MESSAGE][PASSED] - Web element with id: '' located by 'By.xpath: //a[contains(text(),'Clear draft')]' is not present after '3' second(s)

2019-08-02 18:54:32 - [MESSAGE][PASSED] - Web element with id: '' located by 'By.xpath: //div[contains(text(),'Form drafted and not yet saved!')]' is not present after '2' second(s)

2019-08-02 18:54:32 - [MESSAGE][PASSED] - Text 'Because I see the mind is the most important.FPRDQ' is set on object ''

2019-08-02 18:54:34 - [MESSAGE][PASSED] - Delayed 2 second(s)

2019-08-02 18:54:34 - [MESSAGE][PASSED] - Text of object '' is: 'Because I see the mind is the most important.FPRDQ'

2019-08-02 18:54:34 - [MESSAGE][PASSED] - Actual text 'Because I see the mind is the most important.FPRDQ' and expected text 'Because I see the mind is the most important.FPRDQ' are matched 

2019-08-02 18:54:44 - [MESSAGE][PASSED] - Delayed 10 second(s)

2019-08-02 18:54:45 - [MESSAGE][PASSED] - Text of object '' is: 'Last draft saved on: 02 Aug 2019 06:54:33 PM  Clear draft'

2019-08-02 18:54:45 - [MESSAGE][PASSED] - Actual text 'Last draft saved on: 02 Aug 2019 06:52:40 PM  Clear draft' and expected text 'Last draft saved on: 02 Aug 2019 06:54:33 PM  Clear draft' are not matched 

2019-08-02 18:54:49 - [MESSAGE][PASSED] - Delayed 4 second(s)

2019-08-02 18:54:49 - [MESSAGE][PASSED] - Object: '' is clicked on

2019-08-02 18:54:51 - [MESSAGE][PASSED] - Delayed 2 second(s)

2019-08-02 18:54:51 - [MESSAGE][PASSED] - Object: '' is clicked on

2019-08-02 18:54:56 - [MESSAGE][PASSED] - Delayed 5 second(s)

2019-08-02 18:54:56 - [MESSAGE][PASSED] - Web element with id: '' located by 'By.xpath: //a[contains(text(),'Clear draft')]' is not present after '2' second(s)

2019-08-02 18:55:00 - [MESSAGE][PASSED] - Delayed 4 second(s)

2019-08-02 18:55:00 - [TEST_CASE][PASSED] - Test Cases/TC_Login: Test Cases/TC_Login

2019-08-02 18:55:00 - [TEST_STEP][PASSED] - runWithCucumberRunner(common.LoginRunner): Run with 'common.LoginRunner' was passed

2019-08-02 18:55:00 - [MESSAGE][WARNING] - A browser is already opened. Closing browser and opening a new one

2019-08-02 18:55:01 - [MESSAGE][INFO] - Starting 'Chrome (headless)' driver

2019-08-02 18:55:03 - [MESSAGE][PASSED] - Browser is opened with url: ''

2019-08-02 18:55:04 - [MESSAGE][PASSED] - Current window maximized

2019-08-02 18:55:06 - [MESSAGE][PASSED] - Navigate to 'https://leedonline-stg.usgbc.org' successfully

2019-08-02 18:55:06 - [MESSAGE][PASSED] - Text 'automationbdd9@gmail.com' is set on object ''

2019-08-02 18:55:07 - [MESSAGE][PASSED] - Text 'initpass' is set on object ''

2019-08-02 18:55:10 - [MESSAGE][PASSED] - Delayed 3 second(s)

2019-08-02 18:55:10 - [MESSAGE][PASSED] - Scroll to object '' successfully

2019-08-02 18:55:10 - [MESSAGE][PASSED] - Object '' is checked

2019-08-02 18:55:14 - [MESSAGE][PASSED] - Delayed 4 second(s)

2019-08-02 18:55:14 - [MESSAGE][PASSED] - The form containing object: '' is submitted

2019-08-02 18:55:14 - [MESSAGE][PASSED] - Run with 'common.LoginRunner' was passed

2019-08-02 18:55:14 - [MESSAGE][PASSED] - Call Test Case 'Test Cases/TC_Login' successfully

2019-08-02 18:55:22 - [MESSAGE][PASSED] - Object: '' is clicked on

2019-08-02 18:55:23 - [MESSAGE][PASSED] - Object: '' is clicked on

2019-08-02 18:55:25 - [MESSAGE][PASSED] - Delayed 2 second(s)

2019-08-02 18:55:25 - [MESSAGE][PASSED] - Text of object '' is: 'ATTEMPTED'

2019-08-02 18:55:28 - [MESSAGE][PASSED] - Delayed 3 second(s)

2019-08-02 18:55:30 - [MESSAGE][PASSED] - Delayed 2 second(s)

2019-08-02 18:55:30 - [MESSAGE][PASSED] - Object: '' is clicked on

2019-08-02 18:55:30 - [MESSAGE][PASSED] - Text of object '' is: 'Green Cleaning'

2019-08-02 18:55:33 - [MESSAGE][PASSED] - Delayed 3 second(s)

2019-08-02 18:55:37 - [MESSAGE][PASSED] - Object: '' is clicked on

2019-08-02 18:55:42 - [MESSAGE][PASSED] - Delayed 5 second(s)

2019-08-02 18:55:42 - [MESSAGE][PASSED] - Object: '' is clicked on

2019-08-02 18:55:52 - [MESSAGE][PASSED] - Delayed 10 second(s)

2019-08-02 18:55:52 - [MESSAGE][PASSED] - Object '' is present

2019-08-02 18:55:52 - [MESSAGE][PASSED] - Text of object '' is: 'Last draft saved on: 02 Aug 2019 06:55:47 PM  Clear draft'

2019-08-02 18:55:53 - [MESSAGE][PASSED] - Text 'Because I see the mind is the most important.IGDXF' is set on object ''

2019-08-02 18:55:55 - [MESSAGE][PASSED] - Delayed 2 second(s)

2019-08-02 18:55:55 - [MESSAGE][PASSED] - Text of object '' is: 'Because I see the mind is the most important.IGDXF'

2019-08-02 18:55:55 - [MESSAGE][PASSED] - Actual text 'Because I see the mind is the most important.IGDXF' and expected text 'Because I see the mind is the most important.IGDXF' are matched 

2019-08-02 18:56:05 - [MESSAGE][PASSED] - Delayed 10 second(s)

2019-08-02 18:56:05 - [MESSAGE][PASSED] - Text of object '' is: 'Last draft saved on: 02 Aug 2019 06:55:57 PM  Clear draft'

2019-08-02 18:56:05 - [MESSAGE][PASSED] - Actual text 'Last draft saved on: 02 Aug 2019 06:55:47 PM  Clear draft' and expected text 'Last draft saved on: 02 Aug 2019 06:55:57 PM  Clear draft' are not matched 

2019-08-02 18:56:15 - [MESSAGE][PASSED] - Delayed 10 second(s)

2019-08-02 18:56:15 - [MESSAGE][PASSED] - Text of object '' is: 'Last draft saved on: 02 Aug 2019 06:55:57 PM  Clear draft'

2019-08-02 18:56:15 - [MESSAGE][PASSED] - Actual text 'Last draft saved on: 02 Aug 2019 06:55:57 PM  Clear draft' and expected text 'Last draft saved on: 02 Aug 2019 06:55:57 PM  Clear draft' are matched 

2019-08-02 18:56:15 - [MESSAGE][PASSED] - Object '' has attribute 'class' with value 'tiny ui button'

2019-08-02 18:56:30 - [MESSAGE][PASSED] - Delayed 15 second(s)

2019-08-02 18:56:30 - [MESSAGE][PASSED] - File 'G:\Sabareesh\Personal\USGBC_NewApproach1\USGBC_LEED\Include\TestData\FilesToUpload\COO_1.pdf' sent to object: ''

2019-08-02 18:56:30 - [MESSAGE][PASSED] - Object '' has attribute 'class' with value 'tiny ui button'

2019-08-02 18:56:45 - [MESSAGE][PASSED] - Delayed 15 second(s)

2019-08-02 18:56:45 - [MESSAGE][PASSED] - File 'G:\Sabareesh\Personal\USGBC_NewApproach1\USGBC_LEED\Include\TestData\FilesToUpload\ZZ.pdf' sent to object: ''

2019-08-02 18:56:48 - [MESSAGE][PASSED] - Delayed 3 second(s)

2019-08-02 18:56:48 - [MESSAGE][PASSED] - Object '' has attribute 'class' with value 'tiny ui button'

2019-08-02 18:57:03 - [MESSAGE][PASSED] - Delayed 15 second(s)

2019-08-02 18:57:03 - [MESSAGE][PASSED] - File 'G:\Sabareesh\Personal\USGBC_NewApproach1\USGBC_LEED\Include\TestData\FilesToUpload\COO_1.pdf' sent to object: ''

2019-08-02 18:57:03 - [MESSAGE][PASSED] - Object '' has attribute 'class' with value 'tiny ui button'

2019-08-02 18:57:18 - [MESSAGE][PASSED] - Delayed 15 second(s)

2019-08-02 18:57:18 - [MESSAGE][PASSED] - File 'G:\Sabareesh\Personal\USGBC_NewApproach1\USGBC_LEED\Include\TestData\FilesToUpload\ZZ.pdf' sent to object: ''

2019-08-02 18:57:21 - [MESSAGE][PASSED] - Delayed 3 second(s)

2019-08-02 18:57:21 - [MESSAGE][PASSED] - Object '' has attribute 'class' with value 'tiny ui button'

2019-08-02 18:57:36 - [MESSAGE][PASSED] - Delayed 15 second(s)

2019-08-02 18:57:36 - [MESSAGE][PASSED] - File 'G:\Sabareesh\Personal\USGBC_NewApproach1\USGBC_LEED\Include\TestData\FilesToUpload\COO_1.pdf' sent to object: ''

2019-08-02 18:57:36 - [MESSAGE][PASSED] - Object '' has attribute 'class' with value 'tiny ui button'

2019-08-02 18:57:51 - [MESSAGE][PASSED] - Delayed 15 second(s)

2019-08-02 18:57:51 - [MESSAGE][PASSED] - File 'G:\Sabareesh\Personal\USGBC_NewApproach1\USGBC_LEED\Include\TestData\FilesToUpload\ZZ.pdf' sent to object: ''

2019-08-02 18:57:54 - [MESSAGE][PASSED] - Delayed 3 second(s)

2019-08-02 18:58:04 - [MESSAGE][PASSED] - Delayed 10 second(s)

2019-08-02 18:58:04 - [MESSAGE][PASSED] - Text of object '' is: 'Last draft saved on: 02 Aug 2019 06:55:57 PM  Clear draft'

2019-08-02 18:58:04 - [MESSAGE][PASSED] - Actual text 'Last draft saved on: 02 Aug 2019 06:55:57 PM  Clear draft' and expected text 'Last draft saved on: 02 Aug 2019 06:55:57 PM  Clear draft' are matched 

2019-08-02 18:58:05 - [MESSAGE][PASSED] - Text '365' is set on object ''

2019-08-02 18:58:07 - [MESSAGE][PASSED] - Delayed 2 second(s)

2019-08-02 18:58:07 - [MESSAGE][PASSED] - Attribute 'value' of object '' is: '365'

2019-08-02 18:58:07 - [MESSAGE][PASSED] - Actual text '365' and expected text '365' are matched 

2019-08-02 18:58:17 - [MESSAGE][PASSED] - Delayed 10 second(s)

2019-08-02 18:58:17 - [MESSAGE][PASSED] - Text of object '' is: 'Last draft saved on: 02 Aug 2019 06:58:07 PM  Clear draft'

2019-08-02 18:58:17 - [MESSAGE][PASSED] - Actual text 'Last draft saved on: 02 Aug 2019 06:55:57 PM  Clear draft' and expected text 'Last draft saved on: 02 Aug 2019 06:58:07 PM  Clear draft' are not matched 

2019-08-02 18:58:17 - [MESSAGE][PASSED] - All options with value 'TotalAnnualPurchases' are selected in object ''  using regular expression

2019-08-02 18:58:20 - [MESSAGE][PASSED] - Delayed 3 second(s)

2019-08-02 18:58:20 - [MESSAGE][PASSED] - Attribute 'value' of object '' is: 'TotalAnnualPurchases'

2019-08-02 18:58:20 - [MESSAGE][PASSED] - Actual text 'TotalAnnualPurchases' and expected text 'TotalAnnualPurchases' are matched 

2019-08-02 18:58:30 - [MESSAGE][PASSED] - Delayed 10 second(s)

2019-08-02 18:58:30 - [MESSAGE][PASSED] - Text of object '' is: 'Last draft saved on: 02 Aug 2019 06:58:27 PM  Clear draft'

2019-08-02 18:58:30 - [MESSAGE][PASSED] - Actual text 'Last draft saved on: 02 Aug 2019 06:58:07 PM  Clear draft' and expected text 'Last draft saved on: 02 Aug 2019 06:58:27 PM  Clear draft' are not matched 

2019-08-02 18:58:30 - [MESSAGE][PASSED] - Object: '' is clicked on

2019-08-02 18:58:31 - [MESSAGE][PASSED] - Object: '' is clicked on

2019-08-02 18:58:33 - [MESSAGE][PASSED] - Delayed 2 second(s)

2019-08-02 18:58:33 - [TEST_CASE][PASSED] - Test Cases/TC_Login: Test Cases/TC_Login

2019-08-02 18:58:33 - [TEST_STEP][PASSED] - runWithCucumberRunner(common.LoginRunner): Run with 'common.LoginRunner' was passed

2019-08-02 18:58:33 - [MESSAGE][WARNING] - A browser is already opened. Closing browser and opening a new one

2019-08-02 18:58:34 - [MESSAGE][INFO] - Starting 'Chrome (headless)' driver

2019-08-02 18:58:36 - [MESSAGE][PASSED] - Browser is opened with url: ''

2019-08-02 18:58:37 - [MESSAGE][PASSED] - Current window maximized

2019-08-02 18:58:39 - [MESSAGE][PASSED] - Navigate to 'https://leedonline-stg.usgbc.org' successfully

2019-08-02 18:58:40 - [MESSAGE][PASSED] - Text 'automationbdd9@gmail.com' is set on object ''

2019-08-02 18:58:40 - [MESSAGE][PASSED] - Text 'initpass' is set on object ''

2019-08-02 18:58:43 - [MESSAGE][PASSED] - Delayed 3 second(s)

2019-08-02 18:58:43 - [MESSAGE][PASSED] - Scroll to object '' successfully

2019-08-02 18:58:43 - [MESSAGE][PASSED] - Object '' is checked

2019-08-02 18:58:47 - [MESSAGE][PASSED] - Delayed 4 second(s)

2019-08-02 18:58:47 - [MESSAGE][PASSED] - The form containing object: '' is submitted

2019-08-02 18:58:47 - [MESSAGE][PASSED] - Run with 'common.LoginRunner' was passed

2019-08-02 18:58:47 - [MESSAGE][PASSED] - Call Test Case 'Test Cases/TC_Login' successfully

2019-08-02 18:58:49 - [MESSAGE][PASSED] - Delayed 2 second(s)

2019-08-02 18:58:55 - [MESSAGE][PASSED] - Object: '' is clicked on

2019-08-02 18:58:57 - [MESSAGE][PASSED] - Delayed 2 second(s)

2019-08-02 18:58:59 - [MESSAGE][PASSED] - Object: '' is clicked on

2019-08-02 18:59:01 - [MESSAGE][PASSED] - Delayed 2 second(s)

2019-08-02 18:59:03 - [MESSAGE][PASSED] - Delayed 2 second(s)

2019-08-02 18:59:03 - [MESSAGE][PASSED] - Object: '' is clicked on

2019-08-02 18:59:03 - [MESSAGE][PASSED] - Text of object '' is: 'Green Cleaning'

2019-08-02 18:59:06 - [MESSAGE][PASSED] - Delayed 3 second(s)

2019-08-02 18:59:11 - [MESSAGE][PASSED] - Object: '' is clicked on

2019-08-02 18:59:15 - [MESSAGE][PASSED] - Delayed 4 second(s)

2019-08-02 18:59:15 - [MESSAGE][PASSED] - Object '' is present

2019-08-02 18:59:15 - [MESSAGE][PASSED] - Text of object '' is: 'Last draft saved on: 02 Aug 2019 06:58:27 PM  Clear draft'

2019-08-02 18:59:15 - [MESSAGE][PASSED] - Actual text 'Last draft saved on: 02 Aug 2019 06:58:27 PM  Clear draft' and expected text 'Last draft saved on: 02 Aug 2019 06:58:27 PM  Clear draft' are matched 

2019-08-02 18:59:15 - [MESSAGE][PASSED] - Object: '' is clicked on

2019-08-02 18:59:19 - [MESSAGE][PASSED] - Delayed 4 second(s)

2019-08-02 18:59:22 - [MESSAGE][PASSED] - Delayed 2 second(s)

2019-08-02 18:59:27 - [MESSAGE][PASSED] - Delayed 5 second(s)

2019-08-02 18:59:27 - [MESSAGE][PASSED] - Object: '' is clicked on

2019-08-02 18:59:29 - [MESSAGE][PASSED] - Delayed 2 second(s)

2019-08-02 18:59:29 - [MESSAGE][PASSED] - Object: '' is clicked on

2019-08-02 18:59:31 - [MESSAGE][PASSED] - Delayed 2 second(s)

2019-08-02 18:59:33 - [MESSAGE][PASSED] - Delayed 2 second(s)

2019-08-02 18:59:38 - [MESSAGE][PASSED] - Delayed 5 second(s)

2019-08-02 18:59:38 - [MESSAGE][PASSED] - Object: '' is clicked on

2019-08-02 18:59:40 - [MESSAGE][PASSED] - Delayed 2 second(s)

2019-08-02 18:59:40 - [MESSAGE][PASSED] - Object: '' is clicked on

2019-08-02 18:59:42 - [MESSAGE][PASSED] - Delayed 2 second(s)

2019-08-02 18:59:47 - [MESSAGE][PASSED] - Delayed 5 second(s)

2019-08-02 18:59:47 - [MESSAGE][PASSED] - Web element with id: '' located by 'By.xpath: (//table[@class='ui collapsing celled table unstackable'])[3]' is not present after '2' second(s)

2019-08-02 18:59:49 - [MESSAGE][PASSED] - Delayed 2 second(s)

2019-08-02 18:59:54 - [MESSAGE][PASSED] - Delayed 5 second(s)

2019-08-02 18:59:55 - [MESSAGE][PASSED] - Object: '' is clicked on

2019-08-02 18:59:57 - [MESSAGE][PASSED] - Delayed 2 second(s)

2019-08-02 18:59:57 - [MESSAGE][PASSED] - Object: '' is clicked on

2019-08-02 18:59:59 - [MESSAGE][PASSED] - Delayed 2 second(s)

2019-08-02 19:00:01 - [MESSAGE][PASSED] - Delayed 2 second(s)

2019-08-02 19:00:06 - [MESSAGE][PASSED] - Delayed 5 second(s)

2019-08-02 19:00:06 - [MESSAGE][PASSED] - Object: '' is clicked on

2019-08-02 19:00:08 - [MESSAGE][PASSED] - Delayed 2 second(s)

2019-08-02 19:00:08 - [MESSAGE][PASSED] - Object: '' is clicked on

2019-08-02 19:00:10 - [MESSAGE][PASSED] - Delayed 2 second(s)

2019-08-02 19:00:15 - [MESSAGE][PASSED] - Delayed 5 second(s)

2019-08-02 19:00:15 - [MESSAGE][PASSED] - Web element with id: '' located by 'By.xpath: (//table[@class='ui collapsing celled table unstackable'])[2]' is not present after '2' second(s)

2019-08-02 19:00:17 - [MESSAGE][PASSED] - Delayed 2 second(s)

2019-08-02 19:00:22 - [MESSAGE][PASSED] - Delayed 5 second(s)

2019-08-02 19:00:22 - [MESSAGE][PASSED] - Object: '' is clicked on

2019-08-02 19:00:24 - [MESSAGE][PASSED] - Delayed 2 second(s)

2019-08-02 19:00:24 - [MESSAGE][PASSED] - Object: '' is clicked on

2019-08-02 19:00:26 - [MESSAGE][PASSED] - Delayed 2 second(s)

2019-08-02 19:00:28 - [MESSAGE][PASSED] - Delayed 2 second(s)

2019-08-02 19:00:33 - [MESSAGE][PASSED] - Delayed 5 second(s)

2019-08-02 19:00:33 - [MESSAGE][PASSED] - Object: '' is clicked on

2019-08-02 19:00:35 - [MESSAGE][PASSED] - Delayed 2 second(s)

2019-08-02 19:00:36 - [MESSAGE][PASSED] - Object: '' is clicked on

2019-08-02 19:00:38 - [MESSAGE][PASSED] - Delayed 2 second(s)

2019-08-02 19:00:43 - [MESSAGE][PASSED] - Delayed 5 second(s)

2019-08-02 19:00:43 - [MESSAGE][PASSED] - Web element with id: '' located by 'By.xpath: (//table[@class='ui collapsing celled table unstackable'])[1]' is not present after '2' second(s)

2019-08-02 19:00:43 - [MESSAGE][PASSED] - Web element with id: '' located by 'By.xpath: //a[contains(text(),'Clear draft')]' is not present after '3' second(s)

2019-08-02 19:00:43 - [MESSAGE][PASSED] - Web element with id: '' located by 'By.xpath: //div[contains(text(),'Form drafted and not yet saved!')]' is not present after '2' second(s)

2019-08-02 19:00:43 - [MESSAGE][PASSED] - Text 'Because I see the mind is the most important.NSCWS' is set on object ''

2019-08-02 19:00:45 - [MESSAGE][PASSED] - Delayed 2 second(s)

2019-08-02 19:00:45 - [MESSAGE][PASSED] - Text of object '' is: 'Because I see the mind is the most important.NSCWS'

2019-08-02 19:00:45 - [MESSAGE][PASSED] - Actual text 'Because I see the mind is the most important.NSCWS' and expected text 'Because I see the mind is the most important.NSCWS' are matched 

2019-08-02 19:00:55 - [MESSAGE][PASSED] - Delayed 10 second(s)

2019-08-02 19:00:55 - [MESSAGE][PASSED] - Text of object '' is: 'Last draft saved on: 02 Aug 2019 07:00:46 PM  Clear draft'

2019-08-02 19:00:55 - [MESSAGE][PASSED] - Actual text 'Last draft saved on: 02 Aug 2019 06:58:27 PM  Clear draft' and expected text 'Last draft saved on: 02 Aug 2019 07:00:46 PM  Clear draft' are not matched 

2019-08-02 19:00:59 - [MESSAGE][PASSED] - Delayed 4 second(s)

2019-08-02 19:01:00 - [MESSAGE][PASSED] - Object: '' is clicked on

2019-08-02 19:01:02 - [MESSAGE][PASSED] - Delayed 2 second(s)

2019-08-02 19:01:02 - [MESSAGE][PASSED] - Object: '' is clicked on

2019-08-02 19:01:07 - [MESSAGE][PASSED] - Delayed 5 second(s)

2019-08-02 19:01:07 - [MESSAGE][PASSED] - Web element with id: '' located by 'By.xpath: //a[contains(text(),'Clear draft')]' is not present after '2' second(s)

2019-08-02 19:01:11 - [MESSAGE][PASSED] - Delayed 4 second(s)

2019-08-02 19:01:11 - [MESSAGE][PASSED] - Run with 'runner_OM_ExistingBuildings.GreenCleaningTestRunner' was passed]]></system-out>
         <system-err><![CDATA[]]></system-err>
      </testcase>
      <system-out><![CDATA[2019-08-02 18:16:07 - [TEST_SUITE][PASSED] - TS_OM_ExistingBuildings: Test Cases/OM_ExistingBuildings/TC_GreenCleaning]]></system-out>
      <system-err><![CDATA[]]></system-err>
   </testsuite>
</testsuites>
